TN:
SF:src\App.jsx
FN:61,(anonymous_0)
FN:69,(anonymous_1)
FN:84,(anonymous_2)
FN:85,(anonymous_3)
FN:99,(anonymous_4)
FN:100,(anonymous_5)
FN:116,(anonymous_6)
FN:117,(anonymous_7)
FN:128,(anonymous_8)
FN:129,(anonymous_9)
FN:144,(anonymous_10)
FN:145,(anonymous_11)
FN:175,App
FNF:13
FNH:3
FNDA:8,(anonymous_0)
FNDA:1,(anonymous_1)
FNDA:0,(anonymous_2)
FNDA:0,(anonymous_3)
FNDA:0,(anonymous_4)
FNDA:0,(anonymous_5)
FNDA:0,(anonymous_6)
FNDA:0,(anonymous_7)
FNDA:0,(anonymous_8)
FNDA:0,(anonymous_9)
FNDA:0,(anonymous_10)
FNDA:0,(anonymous_11)
FNDA:9,App
DA:61,1
DA:62,8
DA:63,8
DA:64,8
DA:65,8
DA:66,8
DA:67,8
DA:69,8
DA:71,1
DA:72,1
DA:75,8
DA:84,0
DA:85,0
DA:99,0
DA:100,0
DA:116,0
DA:117,0
DA:128,0
DA:129,0
DA:144,0
DA:145,0
DA:176,9
DA:178,9
DA:179,1
DA:182,8
LF:25
LH:15
BRDA:88,0,0,8
BRDA:88,0,1,0
BRDA:103,1,0,8
BRDA:103,1,1,0
BRDA:120,2,0,8
BRDA:120,2,1,0
BRDA:132,3,0,8
BRDA:132,3,1,0
BRDA:148,4,0,8
BRDA:148,4,1,0
BRDA:178,5,0,1
BRDA:178,5,1,8
BRF:12
BRH:7
end_of_record
TN:
SF:src\App.test.jsx
FNF:0
FNH:0
LF:0
LH:0
BRF:0
BRH:0
end_of_record
TN:
SF:src\api.js
FN:7,(anonymous_0)
FN:13,(anonymous_1)
FN:19,(anonymous_2)
FN:20,(anonymous_3)
FN:31,(anonymous_4)
FN:32,(anonymous_5)
FN:33,(anonymous_6)
FN:34,(anonymous_7)
FN:38,(anonymous_8)
FN:39,(anonymous_9)
FN:40,(anonymous_10)
FN:41,(anonymous_11)
FN:43,(anonymous_12)
FN:44,(anonymous_13)
FN:45,(anonymous_14)
FN:46,(anonymous_15)
FN:48,(anonymous_16)
FN:49,(anonymous_17)
FN:50,(anonymous_18)
FN:51,(anonymous_19)
FN:53,(anonymous_20)
FN:54,(anonymous_21)
FN:55,(anonymous_22)
FN:56,(anonymous_23)
FN:58,(anonymous_24)
FN:59,(anonymous_25)
FN:60,(anonymous_26)
FN:61,(anonymous_27)
FN:65,(anonymous_28)
FN:66,(anonymous_29)
FN:67,(anonymous_30)
FN:68,(anonymous_31)
FN:71,(anonymous_32)
FN:74,(anonymous_33)
FN:75,(anonymous_34)
FN:76,(anonymous_35)
FN:77,(anonymous_36)
FN:80,(anonymous_37)
FN:81,(anonymous_38)
FN:84,(anonymous_39)
FN:87,(anonymous_40)
FN:88,(anonymous_41)
FN:89,(anonymous_42)
FN:90,(anonymous_43)
FN:93,(anonymous_44)
FN:94,(anonymous_45)
FN:97,(anonymous_46)
FN:98,(anonymous_47)
FN:101,(anonymous_48)
FN:102,(anonymous_49)
FN:105,(anonymous_50)
FN:106,(anonymous_51)
FN:107,(anonymous_52)
FN:108,(anonymous_53)
FNF:54
FNH:0
FNDA:0,(anonymous_0)
FNDA:0,(anonymous_1)
FNDA:0,(anonymous_2)
FNDA:0,(anonymous_3)
FNDA:0,(anonymous_4)
FNDA:0,(anonymous_5)
FNDA:0,(anonymous_6)
FNDA:0,(anonymous_7)
FNDA:0,(anonymous_8)
FNDA:0,(anonymous_9)
FNDA:0,(anonymous_10)
FNDA:0,(anonymous_11)
FNDA:0,(anonymous_12)
FNDA:0,(anonymous_13)
FNDA:0,(anonymous_14)
FNDA:0,(anonymous_15)
FNDA:0,(anonymous_16)
FNDA:0,(anonymous_17)
FNDA:0,(anonymous_18)
FNDA:0,(anonymous_19)
FNDA:0,(anonymous_20)
FNDA:0,(anonymous_21)
FNDA:0,(anonymous_22)
FNDA:0,(anonymous_23)
FNDA:0,(anonymous_24)
FNDA:0,(anonymous_25)
FNDA:0,(anonymous_26)
FNDA:0,(anonymous_27)
FNDA:0,(anonymous_28)
FNDA:0,(anonymous_29)
FNDA:0,(anonymous_30)
FNDA:0,(anonymous_31)
FNDA:0,(anonymous_32)
FNDA:0,(anonymous_33)
FNDA:0,(anonymous_34)
FNDA:0,(anonymous_35)
FNDA:0,(anonymous_36)
FNDA:0,(anonymous_37)
FNDA:0,(anonymous_38)
FNDA:0,(anonymous_39)
FNDA:0,(anonymous_40)
FNDA:0,(anonymous_41)
FNDA:0,(anonymous_42)
FNDA:0,(anonymous_43)
FNDA:0,(anonymous_44)
FNDA:0,(anonymous_45)
FNDA:0,(anonymous_46)
FNDA:0,(anonymous_47)
FNDA:0,(anonymous_48)
FNDA:0,(anonymous_49)
FNDA:0,(anonymous_50)
FNDA:0,(anonymous_51)
FNDA:0,(anonymous_52)
FNDA:0,(anonymous_53)
DA:3,0
DA:7,0
DA:8,0
DA:9,0
DA:10,0
DA:12,0
DA:14,0
DA:18,0
DA:19,0
DA:21,0
DA:23,0
DA:25,0
DA:27,0
DA:31,0
DA:32,0
DA:33,0
DA:34,0
DA:35,0
DA:38,0
DA:39,0
DA:40,0
DA:41,0
DA:43,0
DA:44,0
DA:45,0
DA:46,0
DA:48,0
DA:49,0
DA:50,0
DA:51,0
DA:53,0
DA:54,0
DA:55,0
DA:56,0
DA:58,0
DA:59,0
DA:60,0
DA:61,0
DA:65,0
DA:66,0
DA:67,0
DA:68,0
DA:71,0
DA:74,0
DA:75,0
DA:76,0
DA:77,0
DA:80,0
DA:81,0
DA:84,0
DA:87,0
DA:88,0
DA:89,0
DA:90,0
DA:93,0
DA:94,0
DA:97,0
DA:98,0
DA:101,0
DA:102,0
DA:105,0
DA:106,0
DA:107,0
DA:108,0
LF:64
LH:0
BRDA:9,0,0,0
BRDA:9,0,1,0
BRDA:21,1,0,0
BRDA:21,1,1,0
BRDA:21,2,0,0
BRDA:21,2,1,0
BRF:6
BRH:0
end_of_record
TN:
SF:src\__tests__\helpers\test-utils.js
FN:7,(anonymous_0)
FN:11,(anonymous_1)
FN:60,(anonymous_2)
FN:77,(anonymous_3)
FN:93,(anonymous_4)
FN:107,(anonymous_5)
FN:122,(anonymous_6)
FN:146,(anonymous_7)
FN:157,(anonymous_8)
FN:165,(anonymous_9)
FN:175,(anonymous_10)
FN:182,(anonymous_11)
FN:192,(anonymous_12)
FN:193,(anonymous_13)
FN:199,(anonymous_14)
FN:208,(anonymous_15)
FN:218,(anonymous_16)
FN:228,(anonymous_17)
FN:231,(anonymous_18)
FN:232,(anonymous_19)
FN:233,(anonymous_20)
FN:239,(anonymous_21)
FN:248,(anonymous_22)
FNF:23
FNH:6
FNDA:11,(anonymous_0)
FNDA:269,(anonymous_1)
FNDA:0,(anonymous_2)
FNDA:0,(anonymous_3)
FNDA:0,(anonymous_4)
FNDA:0,(anonymous_5)
FNDA:0,(anonymous_6)
FNDA:269,(anonymous_7)
FNDA:266,(anonymous_8)
FNDA:269,(anonymous_9)
FNDA:2,(anonymous_10)
FNDA:0,(anonymous_11)
FNDA:0,(anonymous_12)
FNDA:0,(anonymous_13)
FNDA:0,(anonymous_14)
FNDA:0,(anonymous_15)
FNDA:0,(anonymous_16)
FNDA:0,(anonymous_17)
FNDA:0,(anonymous_18)
FNDA:0,(anonymous_19)
FNDA:0,(anonymous_20)
FNDA:0,(anonymous_21)
FNDA:0,(anonymous_22)
DA:7,11
DA:8,11
DA:9,11
DA:11,11
DA:12,269
DA:15,11
DA:23,11
DA:26,11
DA:60,11
DA:77,11
DA:93,11
DA:107,11
DA:122,11
DA:133,11
DA:143,11
DA:146,11
DA:147,269
DA:157,11
DA:165,266
DA:166,269
DA:171,266
DA:175,11
DA:176,2
DA:177,2
DA:178,2
DA:182,11
DA:183,0
DA:184,0
DA:186,0
DA:187,0
DA:188,0
DA:192,11
DA:193,0
DA:194,0
DA:199,11
DA:208,11
DA:209,0
DA:214,0
DA:218,11
DA:219,0
DA:220,0
DA:222,0
DA:223,0
DA:228,11
DA:229,0
DA:230,0
DA:231,0
DA:232,0
DA:233,0
DA:235,0
DA:239,11
DA:240,0
DA:241,0
DA:242,0
DA:243,0
DA:245,0
DA:248,0
LF:57
LH:32
BRDA:60,0,0,0
BRDA:77,1,0,0
BRDA:93,2,0,0
BRDA:107,3,0,0
BRDA:122,4,0,0
BRDA:146,5,0,0
BRDA:146,6,0,0
BRDA:159,7,0,60
BRDA:160,8,0,60
BRDA:161,9,0,118
BRDA:188,10,0,0
BRDA:188,10,1,0
BRDA:199,11,0,0
BRDA:202,12,0,0
BRDA:202,12,1,0
BRDA:208,13,0,0
BRDA:218,14,0,0
BRF:17
BRH:3
end_of_record
TN:
SF:src\__tests__\helpers\test-utils.jsx
FN:21,(anonymous_0)
FN:28,(anonymous_1)
FN:69,(anonymous_2)
FN:80,(anonymous_3)
FN:93,(anonymous_4)
FN:105,(anonymous_5)
FN:119,(anonymous_6)
FN:127,(anonymous_7)
FN:137,(anonymous_8)
FN:145,(anonymous_9)
FN:151,(anonymous_10)
FN:168,(anonymous_11)
FN:169,(anonymous_12)
FN:172,(anonymous_13)
FN:186,(anonymous_14)
FN:187,(anonymous_15)
FN:188,(anonymous_16)
FN:189,(anonymous_17)
FN:194,(anonymous_18)
FN:204,(anonymous_19)
FN:206,(anonymous_20)
FN:210,(anonymous_21)
FN:215,(anonymous_22)
FN:218,(anonymous_23)
FN:219,(anonymous_24)
FN:222,(anonymous_25)
FN:225,(anonymous_26)
FN:226,(anonymous_27)
FN:232,(anonymous_28)
FN:237,(anonymous_29)
FN:242,(anonymous_30)
FN:255,(anonymous_31)
FN:266,(anonymous_32)
FN:269,(anonymous_33)
FN:270,(anonymous_34)
FN:276,(anonymous_35)
FN:287,(anonymous_36)
FN:300,(anonymous_37)
FN:313,(anonymous_38)
FN:330,(anonymous_39)
FN:342,(anonymous_40)
FN:372,(anonymous_41)
FN:374,(anonymous_42)
FN:375,(anonymous_43)
FN:375,(anonymous_44)
FNF:45
FNH:0
FNDA:0,(anonymous_0)
FNDA:0,(anonymous_1)
FNDA:0,(anonymous_2)
FNDA:0,(anonymous_3)
FNDA:0,(anonymous_4)
FNDA:0,(anonymous_5)
FNDA:0,(anonymous_6)
FNDA:0,(anonymous_7)
FNDA:0,(anonymous_8)
FNDA:0,(anonymous_9)
FNDA:0,(anonymous_10)
FNDA:0,(anonymous_11)
FNDA:0,(anonymous_12)
FNDA:0,(anonymous_13)
FNDA:0,(anonymous_14)
FNDA:0,(anonymous_15)
FNDA:0,(anonymous_16)
FNDA:0,(anonymous_17)
FNDA:0,(anonymous_18)
FNDA:0,(anonymous_19)
FNDA:0,(anonymous_20)
FNDA:0,(anonymous_21)
FNDA:0,(anonymous_22)
FNDA:0,(anonymous_23)
FNDA:0,(anonymous_24)
FNDA:0,(anonymous_25)
FNDA:0,(anonymous_26)
FNDA:0,(anonymous_27)
FNDA:0,(anonymous_28)
FNDA:0,(anonymous_29)
FNDA:0,(anonymous_30)
FNDA:0,(anonymous_31)
FNDA:0,(anonymous_32)
FNDA:0,(anonymous_33)
FNDA:0,(anonymous_34)
FNDA:0,(anonymous_35)
FNDA:0,(anonymous_36)
FNDA:0,(anonymous_37)
FNDA:0,(anonymous_38)
FNDA:0,(anonymous_39)
FNDA:0,(anonymous_40)
FNDA:0,(anonymous_41)
FNDA:0,(anonymous_42)
FNDA:0,(anonymous_43)
FNDA:0,(anonymous_44)
DA:7,0
DA:21,0
DA:26,0
DA:28,0
DA:30,0
DA:31,0
DA:34,0
DA:43,0
DA:47,0
DA:69,0
DA:80,0
DA:93,0
DA:105,0
DA:119,0
DA:127,0
DA:137,0
DA:138,0
DA:139,0
DA:140,0
DA:141,0
DA:145,0
DA:146,0
DA:147,0
DA:151,0
DA:152,0
DA:153,0
DA:154,0
DA:168,0
DA:169,0
DA:172,0
DA:173,0
DA:182,0
DA:186,0
DA:187,0
DA:188,0
DA:189,0
DA:194,0
DA:195,0
DA:204,0
DA:205,0
DA:206,0
DA:207,0
DA:210,0
DA:211,0
DA:215,0
DA:216,0
DA:217,0
DA:218,0
DA:220,0
DA:223,0
DA:226,0
DA:232,0
DA:233,0
DA:236,0
DA:237,0
DA:238,0
DA:241,0
DA:242,0
DA:243,0
DA:244,0
DA:247,0
DA:251,0
DA:255,0
DA:256,0
DA:257,0
DA:258,0
DA:259,0
DA:266,0
DA:267,0
DA:269,0
DA:270,0
DA:271,0
DA:272,0
DA:275,0
DA:276,0
DA:279,0
DA:280,0
DA:283,0
DA:287,0
DA:300,0
DA:313,0
DA:330,0
DA:342,0
DA:343,0
DA:344,0
DA:347,0
DA:348,0
DA:349,0
DA:350,0
DA:354,0
DA:355,0
DA:356,0
DA:357,0
DA:358,0
DA:362,0
DA:363,0
DA:364,0
DA:365,0
DA:366,0
DA:372,0
DA:374,0
DA:375,0
DA:379,0
DA:382,0
DA:385,0
DA:388,0
DA:391,0
LF:107
LH:0
BRDA:21,0,0,0
BRDA:23,1,0,0
BRDA:24,2,0,0
BRDA:30,3,0,0
BRDA:30,3,1,0
BRDA:69,4,0,0
BRDA:80,5,0,0
BRDA:93,6,0,0
BRDA:105,7,0,0
BRDA:119,8,0,0
BRDA:127,9,0,0
BRDA:127,10,0,0
BRDA:145,11,0,0
BRDA:153,12,0,0
BRDA:153,12,1,0
BRDA:169,13,0,0
BRDA:169,13,1,0
BRDA:172,14,0,0
BRDA:186,15,0,0
BRDA:194,16,0,0
BRDA:194,17,0,0
BRDA:218,18,0,0
BRDA:218,18,1,0
BRDA:232,19,0,0
BRDA:243,20,0,0
BRDA:243,20,1,0
BRDA:244,21,0,0
BRDA:244,21,1,0
BRDA:244,21,2,0
BRDA:266,22,0,0
BRDA:279,23,0,0
BRDA:279,23,1,0
BRDA:287,24,0,0
BRDA:300,25,0,0
BRDA:313,26,0,0
BRDA:330,27,0,0
BRDA:347,28,0,0
BRDA:347,28,1,0
BRDA:354,29,0,0
BRDA:354,29,1,0
BRDA:362,30,0,0
BRDA:362,30,1,0
BRF:42
BRH:0
end_of_record
TN:
SF:src\components\Accounting.jsx
FN:3,(anonymous_0)
FNF:1
FNH:0
FNDA:0,(anonymous_0)
DA:3,1
DA:4,0
LF:2
LH:1
BRF:0
BRH:0
end_of_record
TN:
SF:src\components\ActivityTimeline.jsx
FN:5,(anonymous_0)
FN:10,(anonymous_1)
FN:14,(anonymous_2)
FN:29,(anonymous_3)
FN:40,(anonymous_4)
FN:55,(anonymous_5)
FN:70,(anonymous_6)
FN:91,(anonymous_7)
FN:129,(anonymous_8)
FN:149,(anonymous_9)
FN:196,(anonymous_10)
FNF:11
FNH:0
FNDA:0,(anonymous_0)
FNDA:0,(anonymous_1)
FNDA:0,(anonymous_2)
FNDA:0,(anonymous_3)
FNDA:0,(anonymous_4)
FNDA:0,(anonymous_5)
FNDA:0,(anonymous_6)
FNDA:0,(anonymous_7)
FNDA:0,(anonymous_8)
FNDA:0,(anonymous_9)
FNDA:0,(anonymous_10)
DA:5,1
DA:6,0
DA:7,0
DA:8,0
DA:10,0
DA:11,0
DA:14,0
DA:15,0
DA:16,0
DA:17,0
DA:19,0
DA:20,0
DA:22,0
DA:25,0
DA:26,0
DA:28,0
DA:29,0
DA:32,0
DA:34,0
DA:36,0
DA:40,0
DA:41,0
DA:43,0
DA:45,0
DA:47,0
DA:49,0
DA:51,0
DA:55,0
DA:56,0
DA:58,0
DA:60,0
DA:62,0
DA:64,0
DA:66,0
DA:70,0
DA:71,0
DA:72,0
DA:73,0
DA:74,0
DA:75,0
DA:76,0
DA:78,0
DA:79,0
DA:80,0
DA:81,0
DA:82,0
DA:83,0
DA:84,0
DA:85,0
DA:87,0
DA:91,0
DA:92,0
DA:94,0
DA:96,0
DA:98,0
DA:100,0
DA:102,0
DA:104,0
DA:106,0
DA:110,0
DA:111,0
DA:121,0
DA:129,0
DA:150,0
LF:64
LH:1
BRDA:5,0,0,0
BRDA:19,1,0,0
BRDA:19,1,1,0
BRDA:19,2,0,0
BRDA:19,2,1,0
BRDA:28,3,0,0
BRDA:28,3,1,0
BRDA:41,4,0,0
BRDA:41,4,1,0
BRDA:41,4,2,0
BRDA:41,4,3,0
BRDA:41,4,4,0
BRDA:56,5,0,0
BRDA:56,5,1,0
BRDA:56,5,2,0
BRDA:56,5,3,0
BRDA:56,5,4,0
BRDA:78,6,0,0
BRDA:78,6,1,0
BRDA:80,7,0,0
BRDA:80,7,1,0
BRDA:82,8,0,0
BRDA:82,8,1,0
BRDA:84,9,0,0
BRDA:84,9,1,0
BRDA:92,10,0,0
BRDA:92,10,1,0
BRDA:92,10,2,0
BRDA:92,10,3,0
BRDA:92,10,4,0
BRDA:92,10,5,0
BRDA:92,10,6,0
BRDA:110,11,0,0
BRDA:110,11,1,0
BRDA:125,12,0,0
BRDA:125,12,1,0
BRDA:143,13,0,0
BRDA:143,13,1,0
BRDA:158,14,0,0
BRDA:158,14,1,0
BRDA:164,15,0,0
BRDA:164,15,1,0
BRDA:181,16,0,0
BRDA:181,16,1,0
BRDA:193,17,0,0
BRDA:193,17,1,0
BRF:46
BRH:0
end_of_record
TN:
SF:src\components\AdvancedSearch.jsx
FN:6,(anonymous_0)
FN:29,(anonymous_1)
FN:35,(anonymous_2)
FN:41,(anonymous_3)
FN:50,(anonymous_4)
FN:65,(anonymous_5)
FN:84,(anonymous_6)
FN:85,(anonymous_7)
FN:91,(anonymous_8)
FN:93,(anonymous_9)
FN:98,(anonymous_10)
FN:103,(anonymous_11)
FN:110,(anonymous_12)
FN:120,(anonymous_13)
FN:125,(anonymous_14)
FN:133,(anonymous_15)
FN:138,(anonymous_16)
FN:160,(anonymous_17)
FN:166,(anonymous_18)
FN:172,(anonymous_19)
FN:177,(anonymous_20)
FN:180,(anonymous_21)
FN:187,(anonymous_22)
FN:193,(anonymous_23)
FN:202,(anonymous_24)
FN:212,(anonymous_25)
FN:219,(anonymous_26)
FN:228,(anonymous_27)
FN:243,(anonymous_28)
FN:260,(anonymous_29)
FN:279,(anonymous_30)
FN:280,(anonymous_31)
FN:280,(anonymous_32)
FN:285,(anonymous_33)
FN:289,(anonymous_34)
FN:302,(anonymous_35)
FN:317,(anonymous_36)
FN:331,(anonymous_37)
FN:343,(anonymous_38)
FN:354,(anonymous_39)
FN:355,(anonymous_40)
FN:358,(anonymous_41)
FN:359,(anonymous_42)
FN:362,(anonymous_43)
FN:363,(anonymous_44)
FN:366,(anonymous_45)
FN:367,(anonymous_46)
FN:378,(anonymous_47)
FN:385,(anonymous_48)
FN:390,(anonymous_49)
FN:411,(anonymous_50)
FN:421,(anonymous_51)
FN:432,(anonymous_52)
FNF:53
FNH:0
FNDA:0,(anonymous_0)
FNDA:0,(anonymous_1)
FNDA:0,(anonymous_2)
FNDA:0,(anonymous_3)
FNDA:0,(anonymous_4)
FNDA:0,(anonymous_5)
FNDA:0,(anonymous_6)
FNDA:0,(anonymous_7)
FNDA:0,(anonymous_8)
FNDA:0,(anonymous_9)
FNDA:0,(anonymous_10)
FNDA:0,(anonymous_11)
FNDA:0,(anonymous_12)
FNDA:0,(anonymous_13)
FNDA:0,(anonymous_14)
FNDA:0,(anonymous_15)
FNDA:0,(anonymous_16)
FNDA:0,(anonymous_17)
FNDA:0,(anonymous_18)
FNDA:0,(anonymous_19)
FNDA:0,(anonymous_20)
FNDA:0,(anonymous_21)
FNDA:0,(anonymous_22)
FNDA:0,(anonymous_23)
FNDA:0,(anonymous_24)
FNDA:0,(anonymous_25)
FNDA:0,(anonymous_26)
FNDA:0,(anonymous_27)
FNDA:0,(anonymous_28)
FNDA:0,(anonymous_29)
FNDA:0,(anonymous_30)
FNDA:0,(anonymous_31)
FNDA:0,(anonymous_32)
FNDA:0,(anonymous_33)
FNDA:0,(anonymous_34)
FNDA:0,(anonymous_35)
FNDA:0,(anonymous_36)
FNDA:0,(anonymous_37)
FNDA:0,(anonymous_38)
FNDA:0,(anonymous_39)
FNDA:0,(anonymous_40)
FNDA:0,(anonymous_41)
FNDA:0,(anonymous_42)
FNDA:0,(anonymous_43)
FNDA:0,(anonymous_44)
FNDA:0,(anonymous_45)
FNDA:0,(anonymous_46)
FNDA:0,(anonymous_47)
FNDA:0,(anonymous_48)
FNDA:0,(anonymous_49)
FNDA:0,(anonymous_50)
FNDA:0,(anonymous_51)
FNDA:0,(anonymous_52)
DA:6,1
DA:7,0
DA:9,0
DA:10,0
DA:12,0
DA:13,0
DA:14,0
DA:15,0
DA:18,0
DA:20,0
DA:21,0
DA:22,0
DA:23,0
DA:24,0
DA:25,0
DA:26,0
DA:27,0
DA:29,0
DA:30,0
DA:31,0
DA:35,0
DA:36,0
DA:37,0
DA:41,0
DA:42,0
DA:43,0
DA:44,0
DA:46,0
DA:50,0
DA:51,0
DA:60,0
DA:61,0
DA:65,0
DA:66,0
DA:67,0
DA:70,0
DA:71,0
DA:72,0
DA:73,0
DA:74,0
DA:76,0
DA:79,0
DA:80,0
DA:84,0
DA:85,0
DA:91,0
DA:92,0
DA:93,0
DA:97,0
DA:98,0
DA:102,0
DA:103,0
DA:110,0
DA:111,0
DA:112,0
DA:113,0
DA:115,0
DA:116,0
DA:119,0
DA:120,0
DA:125,0
DA:126,0
DA:127,0
DA:128,0
DA:133,0
DA:134,0
DA:135,0
DA:138,0
DA:139,0
DA:140,0
DA:151,0
DA:152,0
DA:153,0
DA:156,0
DA:160,0
DA:161,0
DA:166,0
DA:172,0
DA:173,0
DA:177,0
DA:181,0
DA:187,0
DA:188,0
DA:194,0
DA:195,0
DA:203,0
DA:204,0
DA:212,0
DA:213,0
DA:220,0
DA:221,0
DA:229,0
DA:230,0
DA:237,0
DA:243,0
DA:260,0
DA:279,0
DA:280,0
DA:286,0
DA:290,0
DA:291,0
DA:302,0
DA:317,0
DA:331,0
DA:343,0
DA:355,0
DA:359,0
DA:363,0
DA:367,0
DA:378,0
DA:385,1
DA:386,0
DA:387,0
DA:388,0
DA:390,0
DA:391,0
DA:392,0
DA:393,0
DA:397,0
DA:411,0
DA:421,0
DA:432,0
LF:122
LH:2
BRDA:9,0,0,0
BRDA:9,0,1,0
BRDA:10,1,0,0
BRDA:10,1,1,0
BRDA:14,2,0,0
BRDA:14,2,1,0
BRDA:21,3,0,0
BRDA:21,3,1,0
BRDA:22,4,0,0
BRDA:22,4,1,0
BRDA:30,5,0,0
BRDA:30,5,1,0
BRDA:36,6,0,0
BRDA:36,6,1,0
BRDA:44,7,0,0
BRDA:44,7,1,0
BRDA:50,8,0,0
BRDA:60,9,0,0
BRDA:60,9,1,0
BRDA:70,10,0,0
BRDA:70,10,1,0
BRDA:73,11,0,0
BRDA:73,11,1,0
BRDA:92,12,0,0
BRDA:92,12,1,0
BRDA:92,13,0,0
BRDA:92,13,1,0
BRDA:97,14,0,0
BRDA:97,14,1,0
BRDA:102,15,0,0
BRDA:102,15,1,0
BRDA:112,16,0,0
BRDA:112,16,1,0
BRDA:112,17,0,0
BRDA:112,17,1,0
BRDA:115,18,0,0
BRDA:115,18,1,0
BRDA:115,19,0,0
BRDA:115,19,1,0
BRDA:119,20,0,0
BRDA:119,20,1,0
BRDA:138,21,0,0
BRDA:152,22,0,0
BRDA:152,22,1,0
BRDA:165,23,0,0
BRDA:165,23,1,0
BRDA:176,24,0,0
BRDA:176,24,1,0
BRDA:194,25,0,0
BRDA:194,25,1,0
BRDA:203,26,0,0
BRDA:203,26,1,0
BRDA:220,27,0,0
BRDA:220,27,1,0
BRDA:229,28,0,0
BRDA:229,28,1,0
BRDA:245,29,0,0
BRDA:245,29,1,0
BRDA:283,30,0,0
BRDA:283,30,1,0
BRDA:283,30,2,0
BRDA:306,31,0,0
BRDA:306,31,1,0
BRDA:310,32,0,0
BRDA:310,32,1,0
BRDA:321,33,0,0
BRDA:321,33,1,0
BRDA:322,34,0,0
BRDA:322,34,1,0
BRDA:341,35,0,0
BRDA:341,35,1,0
BRDA:345,36,0,0
BRDA:345,36,1,0
BRDA:350,37,0,0
BRDA:350,37,1,0
BRDA:350,37,2,0
BRDA:358,38,0,0
BRDA:358,38,1,0
BRDA:375,39,0,0
BRDA:375,39,1,0
BRDA:392,40,0,0
BRDA:392,40,1,0
BRF:82
BRH:0
end_of_record
TN:
SF:src\components\AnalyticsDashboard.jsx
FN:5,(anonymous_0)
FN:11,(anonymous_1)
FN:22,(anonymous_2)
FN:32,(anonymous_3)
FN:36,(anonymous_4)
FN:49,(anonymous_5)
FN:64,(anonymous_6)
FN:69,(anonymous_7)
FN:85,(anonymous_8)
FN:92,(anonymous_9)
FN:183,(anonymous_10)
FN:207,(anonymous_11)
FN:224,(anonymous_12)
FN:241,(anonymous_13)
FN:251,(anonymous_14)
FN:276,(anonymous_15)
FN:296,(anonymous_16)
FN:321,(anonymous_17)
FNF:18
FNH:0
FNDA:0,(anonymous_0)
FNDA:0,(anonymous_1)
FNDA:0,(anonymous_2)
FNDA:0,(anonymous_3)
FNDA:0,(anonymous_4)
FNDA:0,(anonymous_5)
FNDA:0,(anonymous_6)
FNDA:0,(anonymous_7)
FNDA:0,(anonymous_8)
FNDA:0,(anonymous_9)
FNDA:0,(anonymous_10)
FNDA:0,(anonymous_11)
FNDA:0,(anonymous_12)
FNDA:0,(anonymous_13)
FNDA:0,(anonymous_14)
FNDA:0,(anonymous_15)
FNDA:0,(anonymous_16)
FNDA:0,(anonymous_17)
DA:5,1
DA:6,0
DA:11,0
DA:22,1
DA:23,0
DA:24,0
DA:25,0
DA:26,0
DA:27,0
DA:28,0
DA:29,0
DA:30,0
DA:32,0
DA:33,0
DA:36,0
DA:37,0
DA:38,0
DA:39,0
DA:40,0
DA:42,0
DA:43,0
DA:45,0
DA:49,0
DA:50,0
DA:51,0
DA:52,0
DA:54,0
DA:55,0
DA:59,0
DA:60,0
DA:64,0
DA:65,0
DA:66,0
DA:67,0
DA:69,0
DA:79,0
DA:81,0
DA:85,0
DA:86,0
DA:87,0
DA:92,0
DA:100,0
DA:102,0
DA:106,0
DA:107,0
DA:110,0
DA:111,0
DA:114,0
DA:115,0
DA:118,0
DA:184,0
DA:207,0
DA:225,0
DA:241,0
DA:251,0
DA:277,0
DA:297,0
DA:322,0
LF:58
LH:2
BRDA:16,0,0,0
BRDA:16,0,1,0
BRDA:50,1,0,0
BRDA:50,1,1,0
BRDA:65,2,0,0
BRDA:65,2,1,0
BRDA:74,3,0,0
BRDA:74,3,1,0
BRDA:96,4,0,0
BRDA:96,4,1,0
BRDA:97,5,0,0
BRDA:97,5,1,0
BRDA:106,6,0,0
BRDA:106,6,1,0
BRDA:110,7,0,0
BRDA:110,7,1,0
BRDA:114,8,0,0
BRDA:114,8,1,0
BRDA:171,9,0,0
BRDA:171,9,1,0
BRDA:171,9,2,0
BRDA:213,10,0,0
BRDA:213,10,1,0
BRDA:213,10,2,0
BRDA:264,11,0,0
BRDA:264,11,1,0
BRDA:264,11,2,0
BRDA:293,12,0,0
BRDA:293,12,1,0
BRDA:293,12,2,0
BRDA:310,13,0,0
BRDA:310,13,1,0
BRDA:310,13,2,0
BRF:33
BRH:0
end_of_record
TN:
SF:src\components\AppointmentRequestQueue.jsx
FN:5,(anonymous_0)
FN:20,(anonymous_1)
FN:25,(anonymous_2)
FN:29,(anonymous_3)
FN:42,(anonymous_4)
FN:51,(anonymous_5)
FN:56,(anonymous_6)
FN:59,(anonymous_7)
FN:62,(anonymous_8)
FN:65,(anonymous_9)
FN:68,(anonymous_10)
FN:75,(anonymous_11)
FN:90,(anonymous_12)
FN:102,(anonymous_13)
FN:113,(anonymous_14)
FN:150,(anonymous_15)
FN:156,(anonymous_16)
FN:166,(anonymous_17)
FN:177,(anonymous_18)
FN:189,(anonymous_19)
FN:193,(anonymous_20)
FN:197,(anonymous_21)
FN:206,(anonymous_22)
FN:212,(anonymous_23)
FN:214,(anonymous_24)
FN:218,(anonymous_25)
FN:220,(anonymous_26)
FN:224,(anonymous_27)
FN:226,(anonymous_28)
FN:230,(anonymous_29)
FN:232,(anonymous_30)
FN:242,(anonymous_31)
FN:290,(anonymous_32)
FN:296,(anonymous_33)
FN:302,(anonymous_34)
FN:311,(anonymous_35)
FN:319,(anonymous_36)
FN:338,(anonymous_37)
FN:349,(anonymous_38)
FN:353,(anonymous_39)
FN:366,(anonymous_40)
FN:375,(anonymous_41)
FN:390,(anonymous_42)
FN:397,(anonymous_43)
FNF:44
FNH:0
FNDA:0,(anonymous_0)
FNDA:0,(anonymous_1)
FNDA:0,(anonymous_2)
FNDA:0,(anonymous_3)
FNDA:0,(anonymous_4)
FNDA:0,(anonymous_5)
FNDA:0,(anonymous_6)
FNDA:0,(anonymous_7)
FNDA:0,(anonymous_8)
FNDA:0,(anonymous_9)
FNDA:0,(anonymous_10)
FNDA:0,(anonymous_11)
FNDA:0,(anonymous_12)
FNDA:0,(anonymous_13)
FNDA:0,(anonymous_14)
FNDA:0,(anonymous_15)
FNDA:0,(anonymous_16)
FNDA:0,(anonymous_17)
FNDA:0,(anonymous_18)
FNDA:0,(anonymous_19)
FNDA:0,(anonymous_20)
FNDA:0,(anonymous_21)
FNDA:0,(anonymous_22)
FNDA:0,(anonymous_23)
FNDA:0,(anonymous_24)
FNDA:0,(anonymous_25)
FNDA:0,(anonymous_26)
FNDA:0,(anonymous_27)
FNDA:0,(anonymous_28)
FNDA:0,(anonymous_29)
FNDA:0,(anonymous_30)
FNDA:0,(anonymous_31)
FNDA:0,(anonymous_32)
FNDA:0,(anonymous_33)
FNDA:0,(anonymous_34)
FNDA:0,(anonymous_35)
FNDA:0,(anonymous_36)
FNDA:0,(anonymous_37)
FNDA:0,(anonymous_38)
FNDA:0,(anonymous_39)
FNDA:0,(anonymous_40)
FNDA:0,(anonymous_41)
FNDA:0,(anonymous_42)
FNDA:0,(anonymous_43)
DA:5,1
DA:6,0
DA:7,0
DA:8,0
DA:9,0
DA:10,0
DA:11,0
DA:12,0
DA:13,0
DA:20,0
DA:21,0
DA:22,0
DA:25,0
DA:26,0
DA:29,0
DA:30,0
DA:31,0
DA:32,0
DA:33,0
DA:34,0
DA:36,0
DA:38,0
DA:42,0
DA:43,0
DA:44,0
DA:45,0
DA:47,0
DA:51,0
DA:52,0
DA:54,0
DA:56,0
DA:57,0
DA:59,0
DA:60,0
DA:62,0
DA:63,0
DA:65,0
DA:66,0
DA:68,0
DA:69,0
DA:71,0
DA:75,0
DA:76,0
DA:77,0
DA:78,0
DA:80,0
DA:81,0
DA:84,0
DA:87,0
DA:90,0
DA:91,0
DA:92,0
DA:96,0
DA:98,0
DA:102,0
DA:103,0
DA:104,0
DA:110,0
DA:113,0
DA:114,0
DA:115,0
DA:117,0
DA:119,0
DA:126,0
DA:140,0
DA:141,0
DA:142,0
DA:144,0
DA:146,0
DA:150,0
DA:151,0
DA:152,0
DA:153,0
DA:156,0
DA:157,0
DA:163,0
DA:166,0
DA:167,0
DA:174,0
DA:177,0
DA:178,0
DA:179,0
DA:180,0
DA:183,0
DA:189,0
DA:193,0
DA:197,0
DA:206,0
DA:212,0
DA:214,0
DA:218,0
DA:220,0
DA:224,0
DA:226,0
DA:230,0
DA:232,0
DA:243,0
DA:290,0
DA:296,0
DA:302,0
DA:311,0
DA:319,0
DA:338,0
DA:349,0
DA:354,0
DA:366,0
DA:375,0
DA:390,0
DA:397,0
LF:109
LH:1
BRDA:33,0,0,0
BRDA:33,0,1,0
BRDA:45,1,0,0
BRDA:45,1,1,0
BRDA:54,2,0,0
BRDA:54,2,1,0
BRDA:54,2,2,0
BRDA:54,2,3,0
BRDA:54,2,4,0
BRDA:54,2,5,0
BRDA:77,3,0,0
BRDA:77,3,1,0
BRDA:78,4,0,0
BRDA:78,4,1,0
BRDA:80,5,0,0
BRDA:80,5,1,0
BRDA:106,6,0,0
BRDA:106,6,1,0
BRDA:106,7,0,0
BRDA:106,7,1,0
BRDA:163,8,0,0
BRDA:163,8,1,0
BRDA:174,9,0,0
BRDA:174,9,1,0
BRDA:178,10,0,0
BRDA:178,10,1,0
BRDA:205,11,0,0
BRDA:205,11,1,0
BRDA:211,12,0,0
BRDA:211,12,1,0
BRDA:217,13,0,0
BRDA:217,13,1,0
BRDA:223,14,0,0
BRDA:223,14,1,0
BRDA:229,15,0,0
BRDA:229,15,1,0
BRDA:237,16,0,0
BRDA:237,16,1,0
BRDA:239,17,0,0
BRDA:239,17,1,0
BRDA:269,18,0,0
BRDA:269,18,1,0
BRDA:276,19,0,0
BRDA:276,19,1,0
BRDA:286,20,0,0
BRDA:286,20,1,0
BRDA:308,21,0,0
BRDA:308,21,1,0
BRDA:316,22,0,0
BRDA:316,22,1,0
BRDA:331,23,0,0
BRDA:331,23,1,0
BRDA:331,23,2,0
BRDA:401,24,0,0
BRDA:401,24,1,0
BRF:55
BRH:0
end_of_record
TN:
SF:src\components\BudgetForm.jsx
FN:5,(anonymous_0)
FN:20,(anonymous_1)
FN:26,(anonymous_2)
FN:42,(anonymous_3)
FN:44,(anonymous_4)
FN:50,(anonymous_5)
FN:90,(anonymous_6)
FN:130,(anonymous_7)
FN:147,(anonymous_8)
FN:185,(anonymous_9)
FNF:10
FNH:0
FNDA:0,(anonymous_0)
FNDA:0,(anonymous_1)
FNDA:0,(anonymous_2)
FNDA:0,(anonymous_3)
FNDA:0,(anonymous_4)
FNDA:0,(anonymous_5)
FNDA:0,(anonymous_6)
FNDA:0,(anonymous_7)
FNDA:0,(anonymous_8)
FNDA:0,(anonymous_9)
DA:5,1
DA:6,0
DA:7,0
DA:8,0
DA:10,0
DA:17,0
DA:18,0
DA:20,0
DA:21,0
DA:22,0
DA:26,0
DA:27,0
DA:28,0
DA:29,0
DA:30,0
DA:37,0
DA:38,0
DA:42,0
DA:43,0
DA:44,0
DA:50,0
DA:51,0
DA:52,0
DA:53,0
DA:55,0
DA:56,0
DA:61,0
DA:62,0
DA:64,0
DA:67,0
DA:69,0
DA:70,0
DA:72,0
DA:76,0
DA:90,0
DA:91,0
DA:92,0
DA:93,0
DA:94,0
DA:97,0
DA:98,0
DA:100,0
DA:102,0
DA:103,0
DA:107,0
DA:111,0
DA:114,0
DA:131,0
DA:148,0
DA:185,0
LF:50
LH:1
BRDA:21,0,0,0
BRDA:21,0,1,0
BRDA:34,1,0,0
BRDA:34,1,1,0
BRDA:61,2,0,0
BRDA:61,2,1,0
BRDA:100,3,0,0
BRDA:100,3,1,0
BRDA:100,4,0,0
BRDA:100,4,1,0
BRDA:116,5,0,0
BRDA:116,5,1,0
BRDA:118,6,0,0
BRDA:118,6,1,0
BRDA:183,7,0,0
BRDA:183,7,1,0
BRDA:183,8,0,0
BRDA:183,8,1,0
BRF:18
BRH:0
end_of_record
TN:
SF:src\components\BudgetList.jsx
FN:5,(anonymous_0)
FN:10,(anonymous_1)
FN:14,(anonymous_2)
FN:27,(anonymous_3)
FN:34,(anonymous_4)
FN:70,(anonymous_5)
FN:74,(anonymous_6)
FNF:7
FNH:0
FNDA:0,(anonymous_0)
FNDA:0,(anonymous_1)
FNDA:0,(anonymous_2)
FNDA:0,(anonymous_3)
FNDA:0,(anonymous_4)
FNDA:0,(anonymous_5)
FNDA:0,(anonymous_6)
DA:5,1
DA:6,0
DA:7,0
DA:8,0
DA:10,0
DA:11,0
DA:14,0
DA:15,0
DA:16,0
DA:17,0
DA:18,0
DA:20,0
DA:21,0
DA:23,0
DA:27,0
DA:28,0
DA:34,0
DA:35,0
DA:36,0
DA:37,0
DA:38,0
DA:40,0
DA:47,0
DA:48,0
DA:50,0
DA:71,0
DA:72,0
DA:74,0
LF:28
LH:1
BRDA:35,0,0,0
BRDA:35,0,1,0
BRDA:38,1,0,0
BRDA:38,1,1,0
BRDA:47,2,0,0
BRDA:47,2,1,0
BRDA:48,3,0,0
BRDA:48,3,1,0
BRDA:77,4,0,0
BRDA:77,4,1,0
BRDA:78,5,0,0
BRDA:78,5,1,0
BRDA:81,6,0,0
BRDA:81,6,1,0
BRDA:93,7,0,0
BRDA:93,7,1,0
BRF:16
BRH:0
end_of_record
TN:
SF:src\components\Chat.jsx
FN:3,(anonymous_0)
FNF:1
FNH:0
FNDA:0,(anonymous_0)
DA:3,1
DA:4,0
LF:2
LH:1
BRF:0
BRH:0
end_of_record
TN:
SF:src\components\ContactDetail.jsx
FN:8,(anonymous_0)
FN:15,(anonymous_1)
FN:16,(anonymous_2)
FN:31,(anonymous_3)
FN:51,(anonymous_4)
FN:52,(anonymous_5)
FN:94,(anonymous_6)
FNF:7
FNH:7
FNDA:70,(anonymous_0)
FNDA:36,(anonymous_1)
FNDA:36,(anonymous_2)
FNDA:36,(anonymous_3)
FNDA:1,(anonymous_4)
FNDA:1,(anonymous_5)
FNDA:57,(anonymous_6)
DA:8,2
DA:9,70
DA:10,70
DA:11,70
DA:12,70
DA:13,70
DA:15,70
DA:16,36
DA:17,36
DA:18,36
DA:20,36
DA:21,33
DA:22,33
DA:24,2
DA:25,2
DA:27,35
DA:31,36
DA:32,36
DA:34,36
DA:36,32
DA:39,32
DA:41,3
DA:43,3
DA:47,36
DA:48,36
DA:51,70
DA:52,1
DA:55,70
DA:56,36
DA:59,34
DA:60,2
DA:63,32
DA:64,1
DA:67,31
DA:95,57
LF:35
LH:35
BRDA:36,0,0,30
BRDA:36,0,1,2
BRDA:38,1,0,2
BRDA:38,1,1,0
BRDA:55,2,0,36
BRDA:55,2,1,34
BRDA:59,3,0,2
BRDA:59,3,1,32
BRDA:63,4,0,1
BRDA:63,4,1,31
BRDA:85,5,0,31
BRDA:85,5,1,3
BRDA:86,6,0,31
BRDA:86,6,1,3
BRDA:87,7,0,31
BRDA:87,7,1,3
BRDA:88,8,0,31
BRDA:88,8,1,28
BRDA:89,9,0,31
BRDA:89,9,1,29
BRDA:91,10,0,31
BRDA:91,10,1,31
BRDA:91,10,2,28
BRDA:103,11,0,31
BRDA:103,11,1,0
BRF:25
BRH:23
end_of_record
TN:
SF:src\components\ContactForm.jsx
FN:6,(anonymous_0)
FN:23,(anonymous_1)
FN:24,(anonymous_2)
FN:56,(anonymous_3)
FN:58,(anonymous_4)
FN:61,(anonymous_5)
FN:84,(anonymous_6)
FN:123,(anonymous_7)
FN:132,(anonymous_8)
FNF:9
FNH:9
FNDA:239,(anonymous_0)
FNDA:19,(anonymous_1)
FNDA:19,(anonymous_2)
FNDA:176,(anonymous_3)
FNDA:176,(anonymous_4)
FNDA:6,(anonymous_5)
FNDA:3,(anonymous_6)
FNDA:600,(anonymous_7)
FNDA:1,(anonymous_8)
DA:6,2
DA:7,239
DA:8,239
DA:9,239
DA:11,239
DA:19,239
DA:20,239
DA:21,239
DA:23,239
DA:24,19
DA:25,19
DA:26,19
DA:28,19
DA:29,18
DA:32,18
DA:33,0
DA:34,0
DA:35,0
DA:44,18
DA:46,1
DA:47,1
DA:49,19
DA:53,19
DA:56,239
DA:57,176
DA:58,176
DA:61,239
DA:62,6
DA:63,6
DA:64,6
DA:66,6
DA:68,6
DA:69,1
DA:72,6
DA:74,6
DA:75,0
DA:77,6
DA:79,4
DA:81,2
DA:82,2
DA:84,3
DA:85,2
DA:86,2
DA:90,239
DA:91,19
DA:94,220
DA:124,600
DA:132,1
LF:48
LH:44
BRDA:29,0,0,18
BRDA:29,0,1,0
BRDA:32,1,0,0
BRDA:32,1,1,18
BRDA:41,2,0,0
BRDA:41,2,1,0
BRDA:68,3,0,1
BRDA:68,3,1,5
BRDA:68,4,0,6
BRDA:68,4,1,5
BRDA:74,5,0,0
BRDA:74,5,1,6
BRDA:84,6,0,3
BRDA:84,6,1,0
BRDA:90,7,0,19
BRDA:90,7,1,220
BRDA:90,8,0,239
BRDA:90,8,1,25
BRDA:96,9,0,0
BRDA:96,9,1,220
BRDA:97,10,0,220
BRDA:97,10,1,3
BRDA:121,11,0,220
BRDA:121,11,1,217
BRDA:130,12,0,6
BRDA:130,12,1,214
BRDA:132,13,0,0
BRDA:132,13,1,1
BRF:28
BRH:20
end_of_record
TN:
SF:src\components\ContactList.jsx
FN:5,(anonymous_0)
FN:10,(anonymous_1)
FN:11,(anonymous_2)
FN:39,(anonymous_3)
FNF:4
FNH:4
FNDA:15,(anonymous_0)
FNDA:8,(anonymous_1)
FNDA:8,(anonymous_2)
FNDA:10,(anonymous_3)
DA:5,1
DA:6,15
DA:7,15
DA:8,15
DA:10,15
DA:11,8
DA:12,8
DA:13,8
DA:15,8
DA:16,7
DA:17,7
DA:18,7
DA:20,1
DA:21,1
DA:22,1
DA:24,8
DA:28,8
DA:31,15
DA:32,7
DA:34,6
DA:40,10
LF:21
LH:21
BRDA:16,0,0,6
BRDA:16,0,1,1
BRDA:31,1,0,8
BRDA:31,1,1,7
BRDA:32,2,0,1
BRDA:32,2,1,6
BRDA:37,3,0,5
BRDA:37,3,1,1
BRF:8
BRH:8
end_of_record
TN:
SF:src\components\Contacts.jsx
FN:6,(anonymous_0)
FN:11,(anonymous_1)
FN:12,(anonymous_2)
FN:56,(anonymous_3)
FNF:4
FNH:4
FNDA:45,(anonymous_0)
FNDA:24,(anonymous_1)
FNDA:24,(anonymous_2)
FNDA:46,(anonymous_3)
DA:6,1
DA:7,45
DA:8,45
DA:9,45
DA:11,45
DA:12,24
DA:13,24
DA:14,24
DA:15,21
DA:16,21
DA:18,3
DA:19,3
DA:20,3
DA:24,24
DA:27,45
DA:28,24
DA:31,21
DA:32,3
DA:35,18
DA:57,46
LF:20
LH:20
BRDA:15,0,0,21
BRDA:15,0,1,1
BRDA:15,0,2,0
BRDA:27,1,0,24
BRDA:27,1,1,21
BRDA:31,2,0,3
BRDA:31,2,1,18
BRDA:44,3,0,16
BRDA:44,3,1,2
BRDA:44,4,0,18
BRDA:44,4,1,18
BRDA:65,5,0,30
BRDA:65,5,1,16
BRDA:66,6,0,30
BRDA:66,6,1,16
BRF:15
BRH:14
end_of_record
TN:
SF:src\components\CustomFieldsSettings.jsx
FN:5,(anonymous_0)
FN:12,(anonymous_1)
FN:13,(anonymous_2)
FN:37,(anonymous_3)
FN:49,(anonymous_4)
FN:54,(anonymous_5)
FN:72,(anonymous_6)
FN:85,(anonymous_7)
FN:86,(anonymous_8)
FN:91,(anonymous_9)
FN:131,(anonymous_10)
FN:142,(anonymous_11)
FN:154,(anonymous_12)
FN:159,(anonymous_13)
FNF:14
FNH:14
FNDA:300,(anonymous_0)
FNDA:34,(anonymous_1)
FNDA:34,(anonymous_2)
FNDA:43,(anonymous_3)
FNDA:178,(anonymous_4)
FNDA:9,(anonymous_5)
FNDA:4,(anonymous_6)
FNDA:1007,(anonymous_7)
FNDA:1689,(anonymous_8)
FNDA:1007,(anonymous_9)
FNDA:687,(anonymous_10)
FNDA:672,(anonymous_11)
FNDA:995,(anonymous_12)
FNDA:4,(anonymous_13)
DA:5,2
DA:6,300
DA:7,300
DA:8,300
DA:9,300
DA:10,300
DA:12,300
DA:13,34
DA:14,34
DA:15,34
DA:18,34
DA:24,34
DA:25,33
DA:27,0
DA:28,0
DA:30,33
DA:34,34
DA:37,300
DA:38,43
DA:39,43
DA:41,41
DA:43,2
DA:44,2
DA:45,2
DA:49,300
DA:50,178
DA:51,178
DA:54,300
DA:55,9
DA:56,9
DA:57,9
DA:58,0
DA:59,0
DA:61,9
DA:62,9
DA:63,7
DA:64,7
DA:66,2
DA:67,2
DA:68,2
DA:72,300
DA:73,4
DA:74,3
DA:76,3
DA:77,2
DA:79,1
DA:80,1
DA:85,300
DA:86,1689
DA:87,1007
DA:91,300
DA:92,1007
DA:93,1007
DA:94,681
DA:96,1007
DA:97,1007
DA:100,300
DA:101,68
DA:104,232
DA:105,3
DA:108,229
DA:132,687
DA:143,672
DA:155,995
DA:159,4
LF:65
LH:61
BRDA:41,0,0,41
BRDA:41,0,1,0
BRDA:57,1,0,0
BRDA:57,1,1,9
BRDA:57,2,0,9
BRDA:57,2,1,9
BRDA:67,3,0,2
BRDA:67,3,1,0
BRDA:73,4,0,3
BRDA:73,4,1,1
BRDA:87,5,0,1006
BRDA:87,5,1,1
BRDA:93,6,0,681
BRDA:93,6,1,326
BRDA:100,7,0,68
BRDA:100,7,1,232
BRDA:104,8,0,3
BRDA:104,8,1,229
BRDA:141,9,0,226
BRDA:141,9,1,3
BRF:20
BRH:17
end_of_record
TN:
SF:src\components\CustomerPortal.jsx
FN:5,(anonymous_0)
FN:25,(anonymous_1)
FN:32,(anonymous_2)
FN:50,(anonymous_3)
FN:78,(anonymous_4)
FN:84,(anonymous_5)
FN:93,(anonymous_6)
FN:129,(anonymous_7)
FN:138,(anonymous_8)
FN:152,(anonymous_9)
FN:161,(anonymous_10)
FN:172,(anonymous_11)
FN:181,(anonymous_12)
FN:196,(anonymous_13)
FN:200,(anonymous_14)
FN:211,(anonymous_15)
FN:225,(anonymous_16)
FN:236,(anonymous_17)
FN:251,(anonymous_18)
FN:260,(anonymous_19)
FN:265,(anonymous_20)
FN:293,(anonymous_21)
FN:353,(anonymous_22)
FN:359,(anonymous_23)
FNF:24
FNH:0
FNDA:0,(anonymous_0)
FNDA:0,(anonymous_1)
FNDA:0,(anonymous_2)
FNDA:0,(anonymous_3)
FNDA:0,(anonymous_4)
FNDA:0,(anonymous_5)
FNDA:0,(anonymous_6)
FNDA:0,(anonymous_7)
FNDA:0,(anonymous_8)
FNDA:0,(anonymous_9)
FNDA:0,(anonymous_10)
FNDA:0,(anonymous_11)
FNDA:0,(anonymous_12)
FNDA:0,(anonymous_13)
FNDA:0,(anonymous_14)
FNDA:0,(anonymous_15)
FNDA:0,(anonymous_16)
FNDA:0,(anonymous_17)
FNDA:0,(anonymous_18)
FNDA:0,(anonymous_19)
FNDA:0,(anonymous_20)
FNDA:0,(anonymous_21)
FNDA:0,(anonymous_22)
FNDA:0,(anonymous_23)
DA:5,1
DA:6,0
DA:7,0
DA:8,0
DA:9,0
DA:21,0
DA:22,0
DA:23,0
DA:25,0
DA:26,0
DA:27,0
DA:28,0
DA:32,0
DA:33,0
DA:35,0
DA:46,0
DA:50,0
DA:51,0
DA:53,0
DA:54,0
DA:56,0
DA:57,0
DA:58,0
DA:61,0
DA:64,0
DA:65,0
DA:66,0
DA:68,0
DA:78,0
DA:80,0
DA:84,0
DA:85,0
DA:86,0
DA:93,0
DA:94,0
DA:95,0
DA:96,0
DA:98,0
DA:99,0
DA:105,0
DA:106,0
DA:107,0
DA:119,0
DA:122,0
DA:123,0
DA:125,0
DA:129,0
DA:130,0
DA:131,0
DA:132,0
DA:133,0
DA:135,0
DA:138,0
DA:139,0
DA:152,0
DA:161,0
DA:172,0
DA:181,0
DA:196,0
DA:201,0
DA:211,0
DA:225,0
DA:236,0
DA:251,0
DA:261,0
DA:265,0
DA:293,0
DA:294,0
DA:343,0
DA:353,0
DA:359,0
LF:71
LH:1
BRDA:27,0,0,0
BRDA:27,0,1,0
BRDA:61,1,0,0
BRDA:61,1,1,0
BRDA:61,2,0,0
BRDA:61,2,1,0
BRDA:105,3,0,0
BRDA:105,3,1,0
BRDA:245,4,0,0
BRDA:245,4,1,0
BRDA:271,5,0,0
BRDA:271,5,1,0
BRDA:278,6,0,0
BRDA:278,6,1,0
BRDA:279,7,0,0
BRDA:279,7,1,0
BRDA:285,8,0,0
BRDA:285,8,1,0
BRDA:286,9,0,0
BRDA:286,9,1,0
BRDA:352,10,0,0
BRDA:352,10,1,0
BRDA:358,11,0,0
BRDA:358,11,1,0
BRDA:366,12,0,0
BRDA:366,12,1,0
BRDA:367,13,0,0
BRDA:367,13,1,0
BRF:28
BRH:0
end_of_record
TN:
SF:src\components\DashboardPage.jsx
FN:7,(anonymous_0)
FN:12,(anonymous_1)
FN:13,(anonymous_2)
FN:154,(anonymous_3)
FN:183,(anonymous_4)
FN:207,(anonymous_5)
FNF:6
FNH:3
FNDA:17,(anonymous_0)
FNDA:9,(anonymous_1)
FNDA:9,(anonymous_2)
FNDA:0,(anonymous_3)
FNDA:0,(anonymous_4)
FNDA:0,(anonymous_5)
DA:7,1
DA:8,17
DA:9,17
DA:10,17
DA:12,17
DA:13,9
DA:14,9
DA:15,9
DA:16,9
DA:17,8
DA:19,1
DA:20,1
DA:22,9
DA:26,9
DA:29,17
DA:30,9
DA:33,8
DA:34,1
DA:37,7
DA:38,0
DA:41,7
DA:155,0
DA:184,0
DA:208,0
LF:24
LH:20
BRDA:29,0,0,9
BRDA:29,0,1,8
BRDA:33,1,0,1
BRDA:33,1,1,7
BRDA:37,2,0,0
BRDA:37,2,1,7
BRDA:46,3,0,7
BRDA:46,3,1,7
BRDA:58,4,0,7
BRDA:58,4,1,0
BRDA:61,5,0,7
BRDA:61,5,1,0
BRDA:61,6,0,7
BRDA:61,6,1,0
BRDA:67,7,0,7
BRDA:67,7,1,0
BRDA:70,8,0,7
BRDA:70,8,1,0
BRDA:76,9,0,7
BRDA:76,9,1,0
BRDA:79,10,0,7
BRDA:79,10,1,0
BRDA:85,11,0,7
BRDA:85,11,1,0
BRDA:88,12,0,7
BRDA:88,12,1,0
BRDA:98,13,0,7
BRDA:98,13,1,7
BRDA:120,14,0,7
BRDA:120,14,1,7
BRDA:141,15,0,7
BRDA:141,15,1,0
BRDA:141,15,2,0
BRDA:168,16,0,7
BRDA:168,16,1,0
BRDA:168,16,2,0
BRDA:188,17,0,0
BRDA:188,17,1,0
BRDA:191,18,0,0
BRDA:191,18,1,0
BRDA:203,19,0,7
BRDA:203,19,1,0
BRDA:203,19,2,0
BRDA:203,19,3,0
BRF:44
BRH:23
end_of_record
TN:
SF:src\components\DealDetail.jsx
FN:6,(anonymous_0)
FN:13,(anonymous_1)
FN:14,(anonymous_2)
FN:43,(anonymous_3)
FN:53,(anonymous_4)
FNF:5
FNH:5
FNDA:87,(anonymous_0)
FNDA:44,(anonymous_1)
FNDA:44,(anonymous_2)
FNDA:36,(anonymous_3)
FNDA:2,(anonymous_4)
DA:6,2
DA:7,87
DA:8,87
DA:9,87
DA:10,87
DA:11,87
DA:13,87
DA:14,44
DA:15,44
DA:16,44
DA:17,44
DA:18,37
DA:19,37
DA:21,5
DA:22,5
DA:24,42
DA:28,44
DA:31,87
DA:32,44
DA:35,43
DA:36,5
DA:39,38
DA:40,2
DA:43,36
DA:44,36
DA:45,33
DA:51,36
DA:53,2
LF:28
LH:28
BRDA:31,0,0,44
BRDA:31,0,1,43
BRDA:35,1,0,5
BRDA:35,1,1,38
BRDA:39,2,0,2
BRDA:39,2,1,36
BRDA:44,3,0,3
BRDA:44,3,1,33
BRDA:44,4,0,36
BRDA:44,4,1,34
BRDA:60,5,0,32
BRDA:60,5,1,4
BRDA:60,6,0,36
BRDA:60,6,1,34
BRDA:67,7,0,36
BRDA:67,7,1,1
BRDA:69,8,0,36
BRDA:69,8,1,1
BRDA:75,9,0,36
BRDA:75,9,1,1
BRDA:76,10,0,36
BRDA:76,10,1,1
BRF:22
BRH:22
end_of_record
TN:
SF:src\components\Deals.jsx
FN:6,(anonymous_0)
FN:17,(anonymous_1)
FN:18,(anonymous_2)
FN:50,(anonymous_3)
FN:54,(anonymous_4)
FN:58,(anonymous_5)
FN:65,(anonymous_6)
FN:109,(anonymous_7)
FN:110,(anonymous_8)
FNF:9
FNH:9
FNDA:48,(anonymous_0)
FNDA:25,(anonymous_1)
FNDA:25,(anonymous_2)
FNDA:2,(anonymous_3)
FNDA:1,(anonymous_4)
FNDA:163,(anonymous_5)
FNDA:163,(anonymous_6)
FNDA:163,(anonymous_7)
FNDA:2,(anonymous_8)
DA:6,2
DA:7,48
DA:8,48
DA:9,48
DA:10,48
DA:12,48
DA:13,48
DA:14,48
DA:15,48
DA:17,48
DA:18,25
DA:19,25
DA:20,25
DA:21,25
DA:22,25
DA:23,4
DA:26,25
DA:27,25
DA:28,22
DA:29,22
DA:32,22
DA:34,4
DA:36,18
DA:40,2
DA:41,2
DA:43,24
DA:47,25
DA:50,48
DA:51,2
DA:54,48
DA:55,1
DA:58,48
DA:59,163
DA:65,48
DA:67,163
DA:68,163
DA:69,1277
DA:71,163
DA:72,163
DA:75,48
DA:76,25
DA:79,23
DA:80,2
DA:83,21
DA:110,163
LF:45
LH:45
BRDA:22,0,0,4
BRDA:22,0,1,21
BRDA:28,1,0,22
BRDA:28,1,1,1
BRDA:32,2,0,4
BRDA:32,2,1,18
BRDA:32,3,0,22
BRDA:32,3,1,4
BRDA:75,4,0,25
BRDA:75,4,1,23
BRDA:79,5,0,2
BRDA:79,5,1,21
BRDA:87,6,0,21
BRDA:87,6,1,3
BRDA:87,6,2,3
BRDA:95,7,0,1
BRDA:95,7,1,20
BRDA:112,8,0,163
BRDA:112,8,1,14
BRF:19
BRH:19
end_of_record
TN:
SF:src\components\DigitalSignaturePad.jsx
FN:6,(anonymous_0)
FN:14,(anonymous_1)
FN:21,(anonymous_2)
FN:29,(anonymous_3)
FN:74,(anonymous_4)
FN:86,(anonymous_5)
FN:96,(anonymous_6)
FN:135,(anonymous_7)
FN:145,(anonymous_8)
FN:241,(anonymous_9)
FNF:10
FNH:0
FNDA:0,(anonymous_0)
FNDA:0,(anonymous_1)
FNDA:0,(anonymous_2)
FNDA:0,(anonymous_3)
FNDA:0,(anonymous_4)
FNDA:0,(anonymous_5)
FNDA:0,(anonymous_6)
FNDA:0,(anonymous_7)
FNDA:0,(anonymous_8)
FNDA:0,(anonymous_9)
DA:6,1
DA:7,0
DA:8,0
DA:9,0
DA:10,0
DA:11,0
DA:12,0
DA:14,0
DA:16,0
DA:17,0
DA:21,0
DA:22,0
DA:23,0
DA:24,0
DA:25,0
DA:29,0
DA:30,0
DA:31,0
DA:32,0
DA:35,0
DA:36,0
DA:37,0
DA:40,0
DA:41,0
DA:43,0
DA:44,0
DA:45,0
DA:47,0
DA:56,0
DA:58,0
DA:59,0
DA:60,0
DA:62,0
DA:63,0
DA:67,0
DA:68,0
DA:70,0
DA:74,0
DA:75,0
DA:76,0
DA:77,0
DA:78,0
DA:79,0
DA:80,0
DA:81,0
DA:83,0
DA:86,0
DA:87,0
DA:88,0
DA:89,0
DA:90,0
DA:92,0
DA:96,0
DA:97,0
DA:99,0
DA:100,0
DA:104,0
DA:105,0
DA:106,0
DA:107,0
DA:108,0
DA:109,0
DA:110,0
DA:111,0
DA:112,0
DA:114,0
DA:115,0
DA:119,0
DA:135,0
DA:145,0
DA:241,0
LF:71
LH:1
BRDA:16,0,0,0
BRDA:16,0,1,0
BRDA:22,1,0,0
BRDA:22,1,1,0
BRDA:30,2,0,0
BRDA:30,2,1,0
BRDA:30,3,0,0
BRDA:30,3,1,0
BRDA:35,4,0,0
BRDA:35,4,1,0
BRDA:58,5,0,0
BRDA:58,5,1,0
BRDA:62,6,0,0
BRDA:62,6,1,0
BRDA:97,7,0,0
BRDA:97,7,1,0
BRDA:126,8,0,0
BRDA:126,8,1,0
BRDA:182,9,0,0
BRDA:182,9,1,0
BRDA:183,10,0,0
BRDA:183,10,1,0
BRDA:202,11,0,0
BRDA:202,11,1,0
BRDA:223,12,0,0
BRDA:223,12,1,0
BRDA:241,13,0,0
BRDA:241,13,1,0
BRF:28
BRH:0
end_of_record
TN:
SF:src\components\EmailCommunication.jsx
FN:5,(anonymous_0)
FN:12,(anonymous_1)
FN:16,(anonymous_2)
FN:29,(anonymous_3)
FN:43,(anonymous_4)
FN:128,(anonymous_5)
FN:133,(anonymous_6)
FN:143,(anonymous_7)
FN:166,(anonymous_8)
FNF:9
FNH:0
FNDA:0,(anonymous_0)
FNDA:0,(anonymous_1)
FNDA:0,(anonymous_2)
FNDA:0,(anonymous_3)
FNDA:0,(anonymous_4)
FNDA:0,(anonymous_5)
FNDA:0,(anonymous_6)
FNDA:0,(anonymous_7)
FNDA:0,(anonymous_8)
DA:5,1
DA:6,0
DA:7,0
DA:8,0
DA:9,0
DA:10,0
DA:12,0
DA:13,0
DA:16,0
DA:17,0
DA:18,0
DA:19,0
DA:20,0
DA:22,0
DA:23,0
DA:25,0
DA:29,0
DA:30,0
DA:31,0
DA:32,0
DA:33,0
DA:34,0
DA:36,0
DA:37,0
DA:39,0
DA:43,0
DA:44,0
DA:45,0
DA:46,0
DA:47,0
DA:48,0
DA:49,0
DA:51,0
DA:52,0
DA:54,0
DA:58,0
DA:59,0
DA:61,0
DA:129,0
DA:130,0
DA:131,0
DA:133,0
DA:134,0
DA:135,0
DA:137,0
DA:138,0
DA:140,0
DA:143,0
DA:144,0
DA:145,0
DA:146,0
DA:148,0
DA:151,0
DA:166,0
LF:54
LH:1
BRDA:58,0,0,0
BRDA:58,0,1,0
BRDA:59,1,0,0
BRDA:59,1,1,0
BRDA:78,2,0,0
BRDA:78,2,1,0
BRDA:91,3,0,0
BRDA:91,3,1,0
BRDA:93,4,0,0
BRDA:93,4,1,0
BRDA:96,5,0,0
BRDA:96,5,1,0
BRDA:108,6,0,0
BRDA:108,6,1,0
BRDA:134,7,0,0
BRDA:134,7,1,0
BRDA:137,8,0,0
BRDA:137,8,1,0
BRDA:145,9,0,0
BRDA:145,9,1,0
BRDA:159,10,0,0
BRDA:159,10,1,0
BRDA:159,11,0,0
BRDA:159,11,1,0
BRF:24
BRH:0
end_of_record
TN:
SF:src\components\ExpenseForm.jsx
FN:5,(anonymous_0)
FN:22,(anonymous_1)
FN:28,(anonymous_2)
FN:46,(anonymous_3)
FN:48,(anonymous_4)
FN:54,(anonymous_5)
FN:61,(anonymous_6)
FN:127,(anonymous_7)
FN:192,(anonymous_8)
FNF:9
FNH:0
FNDA:0,(anonymous_0)
FNDA:0,(anonymous_1)
FNDA:0,(anonymous_2)
FNDA:0,(anonymous_3)
FNDA:0,(anonymous_4)
FNDA:0,(anonymous_5)
FNDA:0,(anonymous_6)
FNDA:0,(anonymous_7)
FNDA:0,(anonymous_8)
DA:5,1
DA:6,0
DA:7,0
DA:8,0
DA:10,0
DA:19,0
DA:20,0
DA:22,0
DA:23,0
DA:24,0
DA:28,0
DA:29,0
DA:30,0
DA:31,0
DA:32,0
DA:41,0
DA:42,0
DA:46,0
DA:47,0
DA:48,0
DA:54,0
DA:55,0
DA:56,0
DA:57,0
DA:59,0
DA:60,0
DA:61,0
DA:62,0
DA:63,0
DA:67,0
DA:68,0
DA:72,0
DA:77,0
DA:79,0
DA:80,0
DA:82,0
DA:86,0
DA:99,0
DA:128,0
DA:192,0
LF:40
LH:1
BRDA:23,0,0,0
BRDA:23,0,1,0
BRDA:37,1,0,0
BRDA:37,1,1,0
BRDA:50,2,0,0
BRDA:50,2,1,0
BRDA:62,3,0,0
BRDA:62,3,1,0
BRDA:62,4,0,0
BRDA:62,4,1,0
BRDA:67,5,0,0
BRDA:67,5,1,0
BRDA:101,6,0,0
BRDA:101,6,1,0
BRDA:103,7,0,0
BRDA:103,7,1,0
BRDA:183,8,0,0
BRDA:183,8,1,0
BRDA:190,9,0,0
BRDA:190,9,1,0
BRDA:190,10,0,0
BRDA:190,10,1,0
BRF:22
BRH:0
end_of_record
TN:
SF:src\components\ExpenseList.jsx
FN:5,(anonymous_0)
FN:10,(anonymous_1)
FN:14,(anonymous_2)
FN:27,(anonymous_3)
FN:36,(anonymous_4)
FN:66,(anonymous_5)
FN:69,(anonymous_6)
FN:81,(anonymous_7)
FNF:8
FNH:0
FNDA:0,(anonymous_0)
FNDA:0,(anonymous_1)
FNDA:0,(anonymous_2)
FNDA:0,(anonymous_3)
FNDA:0,(anonymous_4)
FNDA:0,(anonymous_5)
FNDA:0,(anonymous_6)
FNDA:0,(anonymous_7)
DA:5,1
DA:6,0
DA:7,0
DA:8,0
DA:10,0
DA:11,0
DA:14,0
DA:15,0
DA:16,0
DA:17,0
DA:18,0
DA:20,0
DA:21,0
DA:23,0
DA:27,0
DA:28,0
DA:29,0
DA:30,0
DA:32,0
DA:36,0
DA:37,0
DA:43,0
DA:44,0
DA:46,0
DA:67,0
DA:69,0
DA:81,0
LF:27
LH:1
BRDA:43,0,0,0
BRDA:43,0,1,0
BRDA:44,1,0,0
BRDA:44,1,1,0
BRDA:71,2,0,0
BRDA:71,2,1,0
BRDA:74,3,0,0
BRDA:74,3,1,0
BRDA:75,4,0,0
BRDA:75,4,1,0
BRDA:79,5,0,0
BRDA:79,5,1,0
BRF:12
BRH:0
end_of_record
TN:
SF:src\components\HomePage.jsx
FN:4,HomePage
FNF:1
FNH:1
FNDA:1,HomePage
DA:5,1
LF:1
LH:1
BRF:0
BRH:0
end_of_record
TN:
SF:src\components\InteractionHistory.jsx
FN:3,(anonymous_0)
FN:12,(anonymous_1)
FNF:2
FNH:0
FNDA:0,(anonymous_0)
FNDA:0,(anonymous_1)
DA:3,1
DA:4,0
DA:5,0
DA:8,0
DA:13,0
LF:5
LH:1
BRDA:4,0,0,0
BRDA:4,0,1,0
BRDA:4,1,0,0
BRDA:4,1,1,0
BRF:4
BRH:0
end_of_record
TN:
SF:src\components\Invoicing.jsx
FN:3,(anonymous_0)
FNF:1
FNH:0
FNDA:0,(anonymous_0)
DA:3,1
DA:4,0
LF:2
LH:1
BRF:0
BRH:0
end_of_record
TN:
SF:src\components\JournalEntryForm.jsx
FN:4,(anonymous_0)
FN:15,(anonymous_1)
FN:19,(anonymous_2)
FNF:3
FNH:3
FNDA:550,(anonymous_0)
FNDA:490,(anonymous_1)
FNDA:15,(anonymous_2)
DA:4,2
DA:5,550
DA:12,550
DA:13,550
DA:15,550
DA:16,490
DA:19,550
DA:20,15
DA:21,15
DA:22,15
DA:23,15
DA:24,15
DA:25,11
DA:26,11
DA:28,4
DA:30,15
DA:33,550
LF:17
LH:17
BRDA:26,0,0,10
BRDA:26,0,1,1
BRDA:41,1,0,550
BRDA:41,1,1,4
BRF:4
BRH:4
end_of_record
TN:
SF:src\components\JournalEntryList.jsx
FN:4,(anonymous_0)
FN:8,(anonymous_1)
FN:10,(anonymous_2)
FN:19,(anonymous_3)
FN:41,(anonymous_4)
FNF:5
FNH:5
FNDA:49,(anonymous_0)
FNDA:26,(anonymous_1)
FNDA:24,(anonymous_2)
FNDA:1,(anonymous_3)
FNDA:156,(anonymous_4)
DA:4,2
DA:5,49
DA:6,49
DA:8,49
DA:9,26
DA:11,24
DA:12,24
DA:13,22
DA:15,2
DA:17,24
DA:20,1
DA:21,1
DA:22,1
DA:26,49
DA:28,23
DA:42,156
LF:16
LH:16
BRDA:12,0,0,22
BRDA:12,0,1,2
BRDA:12,1,0,24
BRDA:12,1,1,22
BRDA:13,2,0,22
BRDA:13,2,1,1
BRDA:13,2,2,0
BRDA:26,3,0,26
BRDA:26,3,1,23
BRF:9
BRH:8
end_of_record
TN:
SF:src\components\KnowledgeBase.jsx
FN:6,(anonymous_0)
FN:11,(anonymous_1)
FN:12,(anonymous_2)
FN:40,(anonymous_3)
FN:43,(anonymous_4)
FNF:5
FNH:0
FNDA:0,(anonymous_0)
FNDA:0,(anonymous_1)
FNDA:0,(anonymous_2)
FNDA:0,(anonymous_3)
FNDA:0,(anonymous_4)
DA:6,1
DA:7,0
DA:8,0
DA:9,0
DA:11,0
DA:12,0
DA:13,0
DA:14,0
DA:15,0
DA:17,0
DA:18,0
DA:19,0
DA:21,0
DA:22,0
DA:23,0
DA:25,0
DA:29,0
DA:32,0
DA:41,0
DA:43,0
LF:20
LH:1
BRDA:17,0,0,0
BRDA:17,0,1,0
BRDA:35,1,0,0
BRDA:35,1,1,0
BRDA:36,2,0,0
BRDA:36,2,1,0
BRDA:37,3,0,0
BRDA:37,3,1,0
BRDA:37,3,2,0
BRDA:39,4,0,0
BRDA:39,4,1,0
BRDA:39,5,0,0
BRDA:39,5,1,0
BRF:13
BRH:0
end_of_record
TN:
SF:src\components\LedgerAccountForm.jsx
FN:4,(anonymous_0)
FN:9,(anonymous_1)
FN:13,(anonymous_2)
FNF:3
FNH:3
FNDA:305,(anonymous_0)
FNDA:259,(anonymous_1)
FNDA:14,(anonymous_2)
DA:4,2
DA:5,305
DA:6,305
DA:7,305
DA:9,305
DA:10,259
DA:13,305
DA:14,14
DA:15,14
DA:16,14
DA:17,14
DA:18,14
DA:19,11
DA:20,11
DA:22,3
DA:24,14
DA:27,305
LF:17
LH:17
BRDA:20,0,0,8
BRDA:20,0,1,3
BRDA:39,1,0,305
BRDA:39,1,1,3
BRF:4
BRH:4
end_of_record
TN:
SF:src\components\LedgerAccountList.jsx
FN:4,(anonymous_0)
FN:8,(anonymous_1)
FN:10,(anonymous_2)
FN:19,(anonymous_3)
FN:39,(anonymous_4)
FNF:5
FNH:5
FNDA:45,(anonymous_0)
FNDA:24,(anonymous_1)
FNDA:22,(anonymous_2)
FNDA:1,(anonymous_3)
FNDA:144,(anonymous_4)
DA:4,2
DA:5,45
DA:6,45
DA:8,45
DA:9,24
DA:11,22
DA:12,22
DA:13,20
DA:15,2
DA:17,22
DA:20,1
DA:21,1
DA:22,1
DA:26,45
DA:28,21
DA:40,144
LF:16
LH:16
BRDA:12,0,0,20
BRDA:12,0,1,2
BRDA:12,1,0,22
BRDA:12,1,1,21
BRDA:13,2,0,20
BRDA:13,2,1,17
BRDA:13,2,2,0
BRDA:26,3,0,24
BRDA:26,3,1,21
BRF:9
BRH:8
end_of_record
TN:
SF:src\components\LineItemForm.jsx
FN:4,(anonymous_0)
FN:9,(anonymous_1)
FN:13,(anonymous_2)
FNF:3
FNH:0
FNDA:0,(anonymous_0)
FNDA:0,(anonymous_1)
FNDA:0,(anonymous_2)
DA:4,1
DA:5,0
DA:6,0
DA:7,0
DA:9,0
DA:10,0
DA:13,0
DA:14,0
DA:15,0
DA:16,0
DA:17,0
DA:18,0
DA:19,0
DA:20,0
DA:22,0
DA:24,0
DA:27,0
LF:17
LH:1
BRDA:20,0,0,0
BRDA:20,0,1,0
BRDA:34,1,0,0
BRDA:34,1,1,0
BRF:4
BRH:0
end_of_record
TN:
SF:src\components\LineItemList.jsx
FN:4,(anonymous_0)
FN:8,(anonymous_1)
FN:9,(anonymous_2)
FN:30,(anonymous_3)
FNF:4
FNH:0
FNDA:0,(anonymous_0)
FNDA:0,(anonymous_1)
FNDA:0,(anonymous_2)
FNDA:0,(anonymous_3)
DA:4,1
DA:5,0
DA:6,0
DA:8,0
DA:9,0
DA:10,0
DA:11,0
DA:15,0
DA:17,0
DA:31,0
LF:10
LH:1
BRDA:10,0,0,0
BRDA:10,0,1,0
BRDA:15,1,0,0
BRDA:15,1,1,0
BRF:4
BRH:0
end_of_record
TN:
SF:src\components\Login.jsx
FN:5,(anonymous_0)
FN:12,(anonymous_1)
FN:30,(anonymous_2)
FN:34,(anonymous_3)
FNF:4
FNH:4
FNDA:935,(anonymous_0)
FNDA:22,(anonymous_1)
FNDA:429,(anonymous_2)
FNDA:439,(anonymous_3)
DA:5,2
DA:6,935
DA:7,935
DA:8,935
DA:9,935
DA:10,935
DA:12,935
DA:13,22
DA:14,22
DA:15,22
DA:16,22
DA:17,15
DA:19,7
DA:20,7
DA:24,935
DA:30,429
DA:34,439
LF:17
LH:17
BRDA:36,0,0,935
BRDA:36,0,1,49
BRF:2
BRH:2
end_of_record
TN:
SF:src\components\LoginPage.jsx
FN:5,LoginPage
FN:12,(anonymous_1)
FN:33,(anonymous_2)
FN:42,(anonymous_3)
FNF:4
FNH:0
FNDA:0,LoginPage
FNDA:0,(anonymous_1)
FNDA:0,(anonymous_2)
FNDA:0,(anonymous_3)
DA:6,0
DA:7,0
DA:8,0
DA:9,0
DA:10,0
DA:12,0
DA:13,0
DA:14,0
DA:15,0
DA:16,0
DA:17,0
DA:19,0
DA:20,0
DA:24,0
DA:33,0
DA:42,0
LF:16
LH:0
BRDA:46,0,0,0
BRDA:46,0,1,0
BRF:2
BRH:0
end_of_record
TN:
SF:src\components\MarkdownViewer.jsx
FN:8,(anonymous_0)
FN:14,(anonymous_1)
FN:15,(anonymous_2)
FNF:3
FNH:0
FNDA:0,(anonymous_0)
FNDA:0,(anonymous_1)
FNDA:0,(anonymous_2)
DA:8,1
DA:9,0
DA:10,0
DA:11,0
DA:12,0
DA:14,0
DA:15,0
DA:16,0
DA:17,0
DA:18,0
DA:19,0
DA:20,0
DA:22,0
DA:23,0
DA:25,0
DA:29,0
DA:32,0
LF:17
LH:1
BRDA:34,0,0,0
BRDA:34,0,1,0
BRDA:35,1,0,0
BRDA:35,1,1,0
BRDA:36,2,0,0
BRDA:36,2,1,0
BRDA:36,2,2,0
BRF:7
BRH:0
end_of_record
TN:
SF:src\components\Orders.jsx
FN:3,(anonymous_0)
FNF:1
FNH:0
FNDA:0,(anonymous_0)
DA:3,1
DA:4,0
LF:2
LH:1
BRF:0
BRH:0
end_of_record
TN:
SF:src\components\PaperworkTemplateManager.jsx
FN:5,(anonymous_0)
FN:21,(anonymous_1)
FN:25,(anonymous_2)
FN:34,(anonymous_3)
FN:47,(anonymous_4)
FN:60,(anonymous_5)
FN:81,(anonymous_6)
FN:92,(anonymous_7)
FN:96,(anonymous_8)
FN:108,(anonymous_9)
FN:114,(anonymous_10)
FN:121,(anonymous_11)
FN:139,(anonymous_12)
FN:148,(anonymous_13)
FN:180,(anonymous_14)
FN:187,(anonymous_15)
FN:193,(anonymous_16)
FN:219,(anonymous_17)
FN:233,(anonymous_18)
FN:244,(anonymous_19)
FN:251,(anonymous_20)
FN:270,(anonymous_21)
FN:281,(anonymous_22)
FN:292,(anonymous_23)
FN:309,(anonymous_24)
FN:314,(anonymous_25)
FN:325,(anonymous_26)
FN:331,(anonymous_27)
FNF:28
FNH:0
FNDA:0,(anonymous_0)
FNDA:0,(anonymous_1)
FNDA:0,(anonymous_2)
FNDA:0,(anonymous_3)
FNDA:0,(anonymous_4)
FNDA:0,(anonymous_5)
FNDA:0,(anonymous_6)
FNDA:0,(anonymous_7)
FNDA:0,(anonymous_8)
FNDA:0,(anonymous_9)
FNDA:0,(anonymous_10)
FNDA:0,(anonymous_11)
FNDA:0,(anonymous_12)
FNDA:0,(anonymous_13)
FNDA:0,(anonymous_14)
FNDA:0,(anonymous_15)
FNDA:0,(anonymous_16)
FNDA:0,(anonymous_17)
FNDA:0,(anonymous_18)
FNDA:0,(anonymous_19)
FNDA:0,(anonymous_20)
FNDA:0,(anonymous_21)
FNDA:0,(anonymous_22)
FNDA:0,(anonymous_23)
FNDA:0,(anonymous_24)
FNDA:0,(anonymous_25)
FNDA:0,(anonymous_26)
FNDA:0,(anonymous_27)
DA:5,1
DA:6,0
DA:7,0
DA:8,0
DA:9,0
DA:17,0
DA:18,0
DA:19,0
DA:21,0
DA:22,0
DA:25,0
DA:26,0
DA:27,0
DA:28,0
DA:30,0
DA:34,0
DA:35,0
DA:43,0
DA:44,0
DA:47,0
DA:48,0
DA:56,0
DA:57,0
DA:60,0
DA:61,0
DA:62,0
DA:64,0
DA:65,0
DA:66,0
DA:68,0
DA:71,0
DA:72,0
DA:73,0
DA:75,0
DA:77,0
DA:81,0
DA:82,0
DA:84,0
DA:85,0
DA:86,0
DA:88,0
DA:92,0
DA:93,0
DA:96,0
DA:97,0
DA:98,0
DA:99,0
DA:100,0
DA:101,0
DA:102,0
DA:104,0
DA:105,0
DA:108,0
DA:109,0
DA:110,0
DA:114,0
DA:115,0
DA:116,0
DA:117,0
DA:118,0
DA:121,0
DA:122,0
DA:124,0
DA:127,0
DA:139,0
DA:140,0
DA:141,0
DA:144,0
DA:148,0
DA:155,0
DA:162,0
DA:169,0
DA:181,0
DA:187,0
DA:193,0
DA:219,0
DA:233,0
DA:244,0
DA:251,0
DA:270,0
DA:281,0
DA:292,0
DA:310,0
DA:314,0
DA:326,0
DA:331,0
LF:86
LH:1
BRDA:28,0,0,0
BRDA:28,0,1,0
BRDA:53,1,0,0
BRDA:53,1,1,0
BRDA:65,2,0,0
BRDA:65,2,1,0
BRDA:82,3,0,0
BRDA:82,3,1,0
BRDA:117,4,0,0
BRDA:117,4,1,0
BRDA:122,5,0,0
BRDA:122,5,1,0
BRDA:178,6,0,0
BRDA:178,6,1,0
BRDA:202,7,0,0
BRDA:202,7,1,0
BRDA:203,8,0,0
BRDA:203,8,1,0
BRDA:211,9,0,0
BRDA:211,9,1,0
BRDA:214,10,0,0
BRDA:214,10,1,0
BRDA:300,11,0,0
BRDA:300,11,1,0
BRF:24
BRH:0
end_of_record
TN:
SF:src\components\PaymentForm.jsx
FN:4,(anonymous_0)
FN:9,(anonymous_1)
FN:13,(anonymous_2)
FNF:3
FNH:0
FNDA:0,(anonymous_0)
FNDA:0,(anonymous_1)
FNDA:0,(anonymous_2)
DA:4,1
DA:5,0
DA:6,0
DA:7,0
DA:9,0
DA:10,0
DA:13,0
DA:14,0
DA:15,0
DA:16,0
DA:17,0
DA:18,0
DA:19,0
DA:20,0
DA:22,0
DA:24,0
DA:27,0
LF:17
LH:1
BRDA:20,0,0,0
BRDA:20,0,1,0
BRDA:72,1,0,0
BRDA:72,1,1,0
BRF:4
BRH:0
end_of_record
TN:
SF:src\components\PaymentList.jsx
FN:4,(anonymous_0)
FN:8,(anonymous_1)
FN:9,(anonymous_2)
FN:30,(anonymous_3)
FNF:4
FNH:0
FNDA:0,(anonymous_0)
FNDA:0,(anonymous_1)
FNDA:0,(anonymous_2)
FNDA:0,(anonymous_3)
DA:4,1
DA:5,0
DA:6,0
DA:8,0
DA:9,0
DA:10,0
DA:11,0
DA:15,0
DA:17,0
DA:31,0
LF:10
LH:1
BRDA:10,0,0,0
BRDA:10,0,1,0
BRDA:15,1,0,0
BRDA:15,1,1,0
BRF:4
BRH:0
end_of_record
TN:
SF:src\components\PostDetail.jsx
FN:5,PostDetail
FN:11,(anonymous_1)
FN:13,(anonymous_2)
FN:17,(anonymous_3)
FNF:4
FNH:0
FNDA:0,PostDetail
FNDA:0,(anonymous_1)
FNDA:0,(anonymous_2)
FNDA:0,(anonymous_3)
DA:6,0
DA:7,0
DA:8,0
DA:9,0
DA:11,0
DA:12,0
DA:14,0
DA:15,0
DA:18,0
DA:19,0
DA:20,0
DA:24,0
DA:25,0
DA:26,0
DA:28,0
LF:15
LH:0
BRDA:24,0,0,0
BRDA:24,0,1,0
BRDA:25,1,0,0
BRDA:25,1,1,0
BRDA:26,2,0,0
BRDA:26,2,1,0
BRF:6
BRH:0
end_of_record
TN:
SF:src\components\PostList.jsx
FN:5,PostList
FN:10,(anonymous_1)
FN:11,(anonymous_2)
FN:35,(anonymous_3)
FNF:4
FNH:0
FNDA:0,PostList
FNDA:0,(anonymous_1)
FNDA:0,(anonymous_2)
FNDA:0,(anonymous_3)
DA:6,0
DA:7,0
DA:8,0
DA:10,0
DA:11,0
DA:12,0
DA:13,0
DA:14,0
DA:15,0
DA:17,0
DA:18,0
DA:19,0
DA:21,0
DA:24,0
DA:27,0
DA:28,0
DA:30,0
DA:36,0
LF:18
LH:0
BRDA:14,0,0,0
BRDA:14,0,1,0
BRDA:27,1,0,0
BRDA:27,1,1,0
BRDA:28,2,0,0
BRDA:28,2,1,0
BRDA:33,3,0,0
BRDA:33,3,1,0
BRDA:33,4,0,0
BRDA:33,4,1,0
BRDA:38,5,0,0
BRDA:38,5,1,0
BRDA:39,6,0,0
BRDA:39,6,1,0
BRF:14
BRH:0
end_of_record
TN:
SF:src\components\ProtectedRoute.jsx
FN:4,(anonymous_0)
FNF:1
FNH:1
FNDA:20,(anonymous_0)
DA:4,1
DA:5,20
DA:7,17
LF:3
LH:3
BRDA:7,0,0,9
BRDA:7,0,1,8
BRF:2
BRH:2
end_of_record
TN:
SF:src\components\Reports.jsx
FN:4,(anonymous_0)
FN:18,(anonymous_1)
FN:40,(anonymous_2)
FN:44,(anonymous_3)
FN:55,(anonymous_4)
FN:59,(anonymous_5)
FN:78,(anonymous_6)
FN:90,(anonymous_7)
FN:109,(anonymous_8)
FN:127,(anonymous_9)
FN:146,(anonymous_10)
FN:158,(anonymous_11)
FN:176,(anonymous_12)
FN:200,(anonymous_13)
FN:248,(anonymous_14)
FN:248,(anonymous_15)
FN:259,(anonymous_16)
FN:259,(anonymous_17)
FN:267,(anonymous_18)
FN:267,(anonymous_19)
FN:282,(anonymous_20)
FN:288,(anonymous_21)
FN:294,(anonymous_22)
FN:303,(anonymous_23)
FNF:24
FNH:0
FNDA:0,(anonymous_0)
FNDA:0,(anonymous_1)
FNDA:0,(anonymous_2)
FNDA:0,(anonymous_3)
FNDA:0,(anonymous_4)
FNDA:0,(anonymous_5)
FNDA:0,(anonymous_6)
FNDA:0,(anonymous_7)
FNDA:0,(anonymous_8)
FNDA:0,(anonymous_9)
FNDA:0,(anonymous_10)
FNDA:0,(anonymous_11)
FNDA:0,(anonymous_12)
FNDA:0,(anonymous_13)
FNDA:0,(anonymous_14)
FNDA:0,(anonymous_15)
FNDA:0,(anonymous_16)
FNDA:0,(anonymous_17)
FNDA:0,(anonymous_18)
FNDA:0,(anonymous_19)
FNDA:0,(anonymous_20)
FNDA:0,(anonymous_21)
FNDA:0,(anonymous_22)
FNDA:0,(anonymous_23)
DA:4,1
DA:5,0
DA:6,0
DA:7,0
DA:8,0
DA:9,0
DA:10,0
DA:12,0
DA:18,0
DA:19,0
DA:20,0
DA:22,0
DA:23,0
DA:29,0
DA:30,0
DA:31,0
DA:33,0
DA:34,0
DA:36,0
DA:40,0
DA:41,0
DA:44,0
DA:45,0
DA:46,0
DA:47,0
DA:48,0
DA:49,0
DA:50,0
DA:51,0
DA:52,0
DA:55,0
DA:56,0
DA:59,0
DA:60,0
DA:61,0
DA:62,0
DA:63,0
DA:64,0
DA:65,0
DA:66,0
DA:67,0
DA:68,0
DA:69,0
DA:70,0
DA:71,0
DA:72,0
DA:73,0
DA:75,0
DA:78,0
DA:79,0
DA:81,0
DA:91,0
DA:110,0
DA:128,0
DA:146,0
DA:147,0
DA:149,0
DA:159,0
DA:177,0
DA:200,0
DA:201,0
DA:203,0
DA:237,0
DA:248,0
DA:259,0
DA:267,0
DA:282,0
DA:288,0
DA:294,0
DA:303,0
LF:70
LH:1
BRDA:61,0,0,0
BRDA:61,0,1,0
BRDA:61,1,0,0
BRDA:61,1,1,0
BRDA:65,2,0,0
BRDA:65,2,1,0
BRDA:65,3,0,0
BRDA:65,3,1,0
BRDA:69,4,0,0
BRDA:69,4,1,0
BRDA:69,5,0,0
BRDA:69,5,1,0
BRDA:79,6,0,0
BRDA:79,6,1,0
BRDA:147,7,0,0
BRDA:147,7,1,0
BRDA:192,8,0,0
BRDA:192,8,1,0
BRDA:201,9,0,0
BRDA:201,9,1,0
BRDA:228,10,0,0
BRDA:228,10,1,0
BRDA:273,11,0,0
BRDA:273,11,1,0
BRDA:277,12,0,0
BRDA:277,12,1,0
BRDA:281,13,0,0
BRDA:281,13,1,0
BRDA:287,14,0,0
BRDA:287,14,1,0
BRDA:293,15,0,0
BRDA:293,15,1,0
BRDA:316,16,0,0
BRDA:316,16,1,0
BRDA:317,17,0,0
BRDA:317,17,1,0
BRDA:318,18,0,0
BRDA:318,18,1,0
BRF:38
BRH:0
end_of_record
TN:
SF:src\components\Resources.jsx
FN:3,(anonymous_0)
FNF:1
FNH:0
FNDA:0,(anonymous_0)
DA:3,1
DA:4,0
LF:2
LH:1
BRF:0
BRH:0
end_of_record
TN:
SF:src\components\SchedulePage.jsx
FN:9,(anonymous_0)
FN:29,(anonymous_1)
FN:33,(anonymous_2)
FN:49,(anonymous_3)
FN:50,(anonymous_4)
FN:68,(anonymous_5)
FN:79,(anonymous_6)
FN:89,(anonymous_7)
FN:105,(anonymous_8)
FN:119,(anonymous_9)
FN:148,(anonymous_10)
FN:172,(anonymous_11)
FN:178,(anonymous_12)
FN:219,(anonymous_13)
FN:239,(anonymous_14)
FN:251,(anonymous_15)
FN:260,(anonymous_16)
FN:271,(anonymous_17)
FN:280,(anonymous_18)
FN:290,(anonymous_19)
FN:293,(anonymous_20)
FN:304,(anonymous_21)
FN:307,(anonymous_22)
FN:321,(anonymous_23)
FN:328,(anonymous_24)
FNF:25
FNH:0
FNDA:0,(anonymous_0)
FNDA:0,(anonymous_1)
FNDA:0,(anonymous_2)
FNDA:0,(anonymous_3)
FNDA:0,(anonymous_4)
FNDA:0,(anonymous_5)
FNDA:0,(anonymous_6)
FNDA:0,(anonymous_7)
FNDA:0,(anonymous_8)
FNDA:0,(anonymous_9)
FNDA:0,(anonymous_10)
FNDA:0,(anonymous_11)
FNDA:0,(anonymous_12)
FNDA:0,(anonymous_13)
FNDA:0,(anonymous_14)
FNDA:0,(anonymous_15)
FNDA:0,(anonymous_16)
FNDA:0,(anonymous_17)
FNDA:0,(anonymous_18)
FNDA:0,(anonymous_19)
FNDA:0,(anonymous_20)
FNDA:0,(anonymous_21)
FNDA:0,(anonymous_22)
FNDA:0,(anonymous_23)
FNDA:0,(anonymous_24)
DA:9,1
DA:10,0
DA:11,0
DA:12,0
DA:13,0
DA:24,0
DA:25,0
DA:26,0
DA:27,0
DA:29,0
DA:30,0
DA:33,0
DA:34,0
DA:35,0
DA:41,0
DA:42,0
DA:43,0
DA:45,0
DA:49,0
DA:50,0
DA:68,0
DA:69,0
DA:76,0
DA:79,0
DA:80,0
DA:81,0
DA:86,0
DA:89,0
DA:90,0
DA:91,0
DA:102,0
DA:105,0
DA:106,0
DA:107,0
DA:108,0
DA:112,0
DA:114,0
DA:115,0
DA:119,0
DA:120,0
DA:121,0
DA:123,0
DA:124,0
DA:134,0
DA:135,0
DA:136,0
DA:140,0
DA:142,0
DA:144,0
DA:148,0
DA:149,0
DA:151,0
DA:152,0
DA:153,0
DA:157,0
DA:159,0
DA:161,0
DA:165,0
DA:172,0
DA:178,0
DA:220,0
DA:239,0
DA:251,0
DA:260,0
DA:271,0
DA:280,0
DA:290,0
DA:294,0
DA:304,0
DA:308,0
DA:321,0
DA:328,0
LF:72
LH:1
BRDA:41,0,0,0
BRDA:41,0,1,0
BRDA:42,1,0,0
BRDA:42,1,1,0
BRDA:43,2,0,0
BRDA:43,2,1,0
BRDA:52,3,0,0
BRDA:52,3,1,0
BRDA:76,4,0,0
BRDA:76,4,1,0
BRDA:110,5,0,0
BRDA:110,5,1,0
BRDA:129,6,0,0
BRDA:129,6,1,0
BRDA:130,7,0,0
BRDA:130,7,1,0
BRDA:131,8,0,0
BRDA:131,8,1,0
BRDA:149,9,0,0
BRDA:149,9,1,0
BRDA:179,10,0,0
BRDA:179,10,1,0
BRDA:210,11,0,0
BRDA:210,11,1,0
BRDA:232,12,0,0
BRDA:232,12,1,0
BRDA:332,13,0,0
BRDA:332,13,1,0
BRF:28
BRH:0
end_of_record
TN:
SF:src\components\SchedulingDashboard.jsx
FN:31,(anonymous_0)
FN:39,(anonymous_1)
FN:45,(anonymous_2)
FN:56,(anonymous_3)
FN:69,(anonymous_4)
FN:78,(anonymous_5)
FN:81,(anonymous_6)
FN:90,(anonymous_7)
FN:97,(anonymous_8)
FN:106,(anonymous_9)
FN:131,(anonymous_10)
FN:134,(anonymous_11)
FN:143,(anonymous_12)
FN:150,(anonymous_13)
FN:199,(anonymous_14)
FN:208,(anonymous_15)
FN:212,(anonymous_16)
FNF:17
FNH:0
FNDA:0,(anonymous_0)
FNDA:0,(anonymous_1)
FNDA:0,(anonymous_2)
FNDA:0,(anonymous_3)
FNDA:0,(anonymous_4)
FNDA:0,(anonymous_5)
FNDA:0,(anonymous_6)
FNDA:0,(anonymous_7)
FNDA:0,(anonymous_8)
FNDA:0,(anonymous_9)
FNDA:0,(anonymous_10)
FNDA:0,(anonymous_11)
FNDA:0,(anonymous_12)
FNDA:0,(anonymous_13)
FNDA:0,(anonymous_14)
FNDA:0,(anonymous_15)
FNDA:0,(anonymous_16)
DA:19,1
DA:31,1
DA:32,0
DA:33,0
DA:34,0
DA:35,0
DA:36,0
DA:37,0
DA:39,0
DA:40,0
DA:41,0
DA:42,0
DA:45,0
DA:46,0
DA:47,0
DA:50,0
DA:52,0
DA:56,0
DA:57,0
DA:58,0
DA:61,0
DA:63,0
DA:65,0
DA:69,0
DA:70,0
DA:71,0
DA:72,0
DA:74,0
DA:78,0
DA:79,0
DA:81,0
DA:82,0
DA:85,0
DA:90,0
DA:97,0
DA:106,0
DA:107,0
DA:109,0
DA:131,0
DA:132,0
DA:134,0
DA:135,0
DA:138,0
DA:143,0
DA:150,0
DA:159,0
DA:174,0
DA:184,0
DA:185,0
DA:192,0
DA:199,0
DA:208,0
DA:213,0
LF:53
LH:2
BRDA:61,0,0,0
BRDA:61,0,1,0
BRDA:72,1,0,0
BRDA:72,1,1,0
BRDA:79,2,0,0
BRDA:79,2,1,0
BRDA:97,3,0,0
BRDA:97,3,1,0
BRDA:107,4,0,0
BRDA:107,4,1,0
BRDA:114,5,0,0
BRDA:114,5,1,0
BRDA:115,6,0,0
BRDA:115,6,1,0
BRDA:116,7,0,0
BRDA:116,7,1,0
BRDA:117,8,0,0
BRDA:117,8,1,0
BRDA:132,9,0,0
BRDA:132,9,1,0
BRDA:143,10,0,0
BRDA:143,10,1,0
BRDA:150,11,0,0
BRDA:150,11,1,0
BRDA:184,12,0,0
BRDA:184,12,1,0
BRDA:224,13,0,0
BRDA:224,13,1,0
BRDA:227,14,0,0
BRDA:227,14,1,0
BRDA:232,15,0,0
BRDA:232,15,1,0
BRDA:235,16,0,0
BRDA:235,16,1,0
BRDA:240,17,0,0
BRDA:240,17,1,0
BRDA:243,18,0,0
BRDA:243,18,1,0
BRDA:248,19,0,0
BRDA:248,19,1,0
BRDA:251,20,0,0
BRDA:251,20,1,0
BRDA:261,21,0,0
BRDA:261,21,1,0
BRDA:270,22,0,0
BRDA:270,22,1,0
BRDA:279,23,0,0
BRDA:279,23,1,0
BRDA:293,24,0,0
BRDA:293,24,1,0
BRDA:301,25,0,0
BRDA:301,25,1,0
BRDA:302,26,0,0
BRDA:302,26,1,0
BRDA:309,27,0,0
BRDA:309,27,1,0
BRDA:310,28,0,0
BRDA:310,28,1,0
BRDA:317,29,0,0
BRDA:317,29,1,0
BRDA:318,30,0,0
BRDA:318,30,1,0
BRDA:318,31,0,0
BRDA:318,31,1,0
BRF:64
BRH:0
end_of_record
TN:
SF:src\components\SearchPage.jsx
FN:7,(anonymous_0)
FN:12,(anonymous_1)
FN:27,(anonymous_2)
FN:48,(anonymous_3)
FN:73,(anonymous_4)
FN:89,(anonymous_5)
FNF:6
FNH:0
FNDA:0,(anonymous_0)
FNDA:0,(anonymous_1)
FNDA:0,(anonymous_2)
FNDA:0,(anonymous_3)
FNDA:0,(anonymous_4)
FNDA:0,(anonymous_5)
DA:7,1
DA:8,0
DA:9,0
DA:10,0
DA:12,0
DA:13,0
DA:14,0
DA:15,0
DA:17,0
DA:18,0
DA:19,0
DA:20,0
DA:21,0
DA:22,0
DA:23,0
DA:24,0
DA:26,0
DA:27,0
DA:28,0
DA:29,0
DA:34,0
DA:36,0
DA:38,0
DA:39,0
DA:44,0
DA:48,0
DA:49,0
DA:51,0
DA:52,0
DA:59,0
DA:60,0
DA:64,0
DA:66,0
DA:67,0
DA:69,0
DA:73,0
DA:74,0
DA:76,0
DA:78,0
DA:79,0
DA:80,0
DA:83,0
DA:84,0
DA:86,0
DA:89,0
DA:94,0
DA:95,0
DA:97,0
DA:101,0
LF:49
LH:1
BRDA:19,0,0,0
BRDA:19,0,1,0
BRDA:20,1,0,0
BRDA:20,1,1,0
BRDA:21,2,0,0
BRDA:21,2,1,0
BRDA:22,3,0,0
BRDA:22,3,1,0
BRDA:23,4,0,0
BRDA:23,4,1,0
BRDA:24,5,0,0
BRDA:24,5,1,0
BRDA:26,6,0,0
BRDA:26,6,1,0
BRDA:28,7,0,0
BRDA:28,7,1,0
BRDA:28,8,0,0
BRDA:28,8,1,0
BRDA:59,9,0,0
BRDA:59,9,1,0
BRDA:74,10,0,0
BRDA:74,10,1,0
BRDA:79,11,0,0
BRDA:79,11,1,0
BRDA:83,12,0,0
BRDA:83,12,1,0
BRDA:83,13,0,0
BRDA:83,13,1,0
BRDA:112,14,0,0
BRDA:112,14,1,0
BRDA:123,15,0,0
BRDA:123,15,1,0
BRDA:123,16,0,0
BRDA:123,16,1,0
BRDA:124,17,0,0
BRDA:124,17,1,0
BRF:36
BRH:0
end_of_record
TN:
SF:src\components\SearchResults.jsx
FN:5,(anonymous_0)
FN:10,(anonymous_1)
FN:12,(anonymous_2)
FN:14,(anonymous_3)
FN:16,(anonymous_4)
FN:16,(anonymous_5)
FN:19,(anonymous_6)
FN:23,(anonymous_7)
FN:25,(anonymous_8)
FN:27,(anonymous_9)
FN:32,(anonymous_10)
FN:36,(anonymous_11)
FN:42,(anonymous_12)
FN:54,(anonymous_13)
FN:78,(anonymous_14)
FN:98,(anonymous_15)
FN:103,(anonymous_16)
FN:111,(anonymous_17)
FN:117,(anonymous_18)
FN:165,(anonymous_19)
FN:171,(anonymous_20)
FN:182,(anonymous_21)
FN:209,(anonymous_22)
FN:238,(anonymous_23)
FN:258,(anonymous_24)
FN:264,(anonymous_25)
FN:282,(anonymous_26)
FN:288,(anonymous_27)
FN:295,(anonymous_28)
FN:298,(anonymous_29)
FN:302,(anonymous_30)
FN:313,(anonymous_31)
FN:313,(anonymous_32)
FN:342,(anonymous_33)
FN:342,(anonymous_34)
FNF:35
FNH:0
FNDA:0,(anonymous_0)
FNDA:0,(anonymous_1)
FNDA:0,(anonymous_2)
FNDA:0,(anonymous_3)
FNDA:0,(anonymous_4)
FNDA:0,(anonymous_5)
FNDA:0,(anonymous_6)
FNDA:0,(anonymous_7)
FNDA:0,(anonymous_8)
FNDA:0,(anonymous_9)
FNDA:0,(anonymous_10)
FNDA:0,(anonymous_11)
FNDA:0,(anonymous_12)
FNDA:0,(anonymous_13)
FNDA:0,(anonymous_14)
FNDA:0,(anonymous_15)
FNDA:0,(anonymous_16)
FNDA:0,(anonymous_17)
FNDA:0,(anonymous_18)
FNDA:0,(anonymous_19)
FNDA:0,(anonymous_20)
FNDA:0,(anonymous_21)
FNDA:0,(anonymous_22)
FNDA:0,(anonymous_23)
FNDA:0,(anonymous_24)
FNDA:0,(anonymous_25)
FNDA:0,(anonymous_26)
FNDA:0,(anonymous_27)
FNDA:0,(anonymous_28)
FNDA:0,(anonymous_29)
FNDA:0,(anonymous_30)
FNDA:0,(anonymous_31)
FNDA:0,(anonymous_32)
FNDA:0,(anonymous_33)
FNDA:0,(anonymous_34)
DA:5,1
DA:6,0
DA:7,0
DA:8,0
DA:10,0
DA:11,0
DA:12,0
DA:14,0
DA:16,0
DA:19,0
DA:23,0
DA:24,0
DA:25,0
DA:26,0
DA:27,0
DA:32,0
DA:33,0
DA:36,0
DA:37,0
DA:38,0
DA:42,0
DA:43,0
DA:51,0
DA:54,0
DA:55,0
DA:57,0
DA:68,0
DA:78,0
DA:79,0
DA:81,0
DA:88,0
DA:98,0
DA:99,0
DA:100,0
DA:103,0
DA:104,0
DA:105,0
DA:111,0
DA:112,0
DA:117,0
DA:165,0
DA:166,0
DA:171,0
DA:182,0
DA:187,0
DA:188,0
DA:197,0
DA:198,0
DA:207,0
DA:208,0
DA:209,0
DA:212,0
DA:213,0
DA:223,0
DA:238,0
DA:259,0
DA:264,0
DA:283,0
DA:284,0
DA:285,0
DA:286,0
DA:288,0
DA:295,1
DA:296,0
DA:298,0
DA:299,0
DA:302,0
DA:303,0
DA:305,0
DA:313,0
DA:324,0
DA:334,0
DA:342,0
DA:352,0
DA:356,0
LF:75
LH:2
BRDA:11,0,0,0
BRDA:11,0,1,0
BRDA:14,1,0,0
BRDA:14,1,1,0
BRDA:26,2,0,0
BRDA:26,2,1,0
BRDA:37,3,0,0
BRDA:37,3,1,0
BRDA:37,4,0,0
BRDA:37,4,1,0
BRDA:51,5,0,0
BRDA:51,5,1,0
BRDA:55,6,0,0
BRDA:55,6,1,0
BRDA:71,7,0,0
BRDA:71,7,1,0
BRDA:79,8,0,0
BRDA:79,8,1,0
BRDA:91,9,0,0
BRDA:91,9,1,0
BRDA:99,10,0,0
BRDA:99,10,1,0
BRDA:104,11,0,0
BRDA:104,11,1,0
BRDA:104,12,0,0
BRDA:104,12,1,0
BRDA:112,13,0,0
BRDA:112,13,1,0
BRDA:137,14,0,0
BRDA:137,14,1,0
BRDA:141,15,0,0
BRDA:141,15,1,0
BRDA:145,16,0,0
BRDA:145,16,1,0
BRDA:149,17,0,0
BRDA:149,17,1,0
BRDA:150,18,0,0
BRDA:150,18,1,0
BRDA:155,19,0,0
BRDA:155,19,1,0
BRDA:187,20,0,0
BRDA:187,20,1,0
BRDA:187,21,0,0
BRDA:187,21,1,0
BRDA:187,21,2,0
BRDA:197,22,0,0
BRDA:197,22,1,0
BRDA:207,23,0,0
BRDA:207,23,1,0
BRDA:208,24,0,0
BRDA:208,24,1,0
BRDA:212,25,0,0
BRDA:212,25,1,0
BRDA:228,26,0,0
BRDA:228,26,1,0
BRDA:231,27,0,0
BRDA:231,27,1,0
BRDA:257,28,0,0
BRDA:257,28,1,0
BRDA:259,29,0,0
BRDA:259,29,1,0
BRDA:264,30,0,0
BRDA:264,30,1,0
BRDA:270,31,0,0
BRDA:270,31,1,0
BRDA:270,31,2,0
BRDA:278,32,0,0
BRDA:278,32,1,0
BRDA:303,33,0,0
BRDA:303,33,1,0
BRDA:303,33,2,0
BRDA:303,33,3,0
BRDA:312,34,0,0
BRDA:312,34,1,0
BRDA:341,35,0,0
BRDA:341,35,1,0
BRDA:374,36,0,0
BRDA:374,36,1,0
BRF:78
BRH:0
end_of_record
TN:
SF:src\components\Staff.jsx
FN:3,(anonymous_0)
FNF:1
FNH:0
FNDA:0,(anonymous_0)
DA:3,1
DA:4,0
LF:2
LH:1
BRF:0
BRH:0
end_of_record
TN:
SF:src\components\TagManager.jsx
FN:6,(anonymous_0)
FN:13,(anonymous_1)
FN:14,(anonymous_2)
FN:28,(anonymous_3)
FN:30,(anonymous_4)
FN:43,(anonymous_5)
FN:44,(anonymous_6)
FN:44,(anonymous_7)
FN:54,(anonymous_8)
FN:62,(anonymous_9)
FN:65,(anonymous_10)
FN:84,(anonymous_11)
FN:87,(anonymous_12)
FN:95,(anonymous_13)
FN:95,(anonymous_14)
FN:95,(anonymous_15)
FN:96,(anonymous_16)
FN:106,(anonymous_17)
FNF:18
FNH:0
FNDA:0,(anonymous_0)
FNDA:0,(anonymous_1)
FNDA:0,(anonymous_2)
FNDA:0,(anonymous_3)
FNDA:0,(anonymous_4)
FNDA:0,(anonymous_5)
FNDA:0,(anonymous_6)
FNDA:0,(anonymous_7)
FNDA:0,(anonymous_8)
FNDA:0,(anonymous_9)
FNDA:0,(anonymous_10)
FNDA:0,(anonymous_11)
FNDA:0,(anonymous_12)
FNDA:0,(anonymous_13)
FNDA:0,(anonymous_14)
FNDA:0,(anonymous_15)
FNDA:0,(anonymous_16)
FNDA:0,(anonymous_17)
DA:6,1
DA:7,0
DA:8,0
DA:9,0
DA:10,0
DA:11,0
DA:13,0
DA:14,0
DA:15,0
DA:16,0
DA:17,0
DA:18,0
DA:20,0
DA:21,0
DA:22,0
DA:25,0
DA:28,0
DA:29,0
DA:30,0
DA:31,0
DA:33,0
DA:34,0
DA:35,0
DA:36,0
DA:38,0
DA:39,0
DA:43,0
DA:44,0
DA:45,0
DA:46,0
DA:47,0
DA:49,0
DA:50,0
DA:54,0
DA:55,0
DA:56,0
DA:58,0
DA:59,0
DA:62,0
DA:65,0
DA:66,0
DA:67,0
DA:69,0
DA:70,0
DA:72,0
DA:73,0
DA:77,0
DA:79,0
DA:85,0
DA:87,0
DA:95,0
DA:96,0
DA:106,0
DA:116,1
LF:54
LH:2
BRDA:17,0,0,0
BRDA:17,0,1,0
BRDA:29,1,0,0
BRDA:29,1,1,0
BRDA:31,2,0,0
BRDA:31,2,1,0
BRDA:38,3,0,0
BRDA:38,3,1,0
BRDA:49,4,0,0
BRDA:49,4,1,0
BRDA:55,5,0,0
BRDA:55,5,1,0
BRDA:72,6,0,0
BRDA:72,6,1,0
BRDA:77,7,0,0
BRDA:77,7,1,0
BRDA:82,8,0,0
BRDA:82,8,1,0
BRDA:95,9,0,0
BRDA:95,9,1,0
BRF:20
BRH:0
end_of_record
TN:
SF:src\components\TaskAdministration.jsx
FN:5,(anonymous_0)
FN:11,(anonymous_1)
FN:15,(anonymous_2)
FN:29,(anonymous_3)
FN:44,(anonymous_4)
FN:69,(anonymous_5)
FN:78,(anonymous_6)
FN:87,(anonymous_7)
FN:92,(anonymous_8)
FN:95,(anonymous_9)
FN:107,(anonymous_10)
FN:111,(anonymous_11)
FN:112,(anonymous_12)
FN:116,(anonymous_13)
FN:117,(anonymous_14)
FN:121,(anonymous_15)
FN:130,(anonymous_16)
FN:132,(anonymous_17)
FN:135,(anonymous_18)
FN:139,(anonymous_19)
FN:142,(anonymous_20)
FN:143,(anonymous_21)
FN:152,(anonymous_22)
FN:155,(anonymous_23)
FN:158,(anonymous_24)
FN:225,(anonymous_25)
FN:237,(anonymous_26)
FN:242,(anonymous_27)
FN:250,(anonymous_28)
FN:256,(anonymous_29)
FN:260,(anonymous_30)
FN:265,(anonymous_31)
FN:269,(anonymous_32)
FNF:33
FNH:0
FNDA:0,(anonymous_0)
FNDA:0,(anonymous_1)
FNDA:0,(anonymous_2)
FNDA:0,(anonymous_3)
FNDA:0,(anonymous_4)
FNDA:0,(anonymous_5)
FNDA:0,(anonymous_6)
FNDA:0,(anonymous_7)
FNDA:0,(anonymous_8)
FNDA:0,(anonymous_9)
FNDA:0,(anonymous_10)
FNDA:0,(anonymous_11)
FNDA:0,(anonymous_12)
FNDA:0,(anonymous_13)
FNDA:0,(anonymous_14)
FNDA:0,(anonymous_15)
FNDA:0,(anonymous_16)
FNDA:0,(anonymous_17)
FNDA:0,(anonymous_18)
FNDA:0,(anonymous_19)
FNDA:0,(anonymous_20)
FNDA:0,(anonymous_21)
FNDA:0,(anonymous_22)
FNDA:0,(anonymous_23)
FNDA:0,(anonymous_24)
FNDA:0,(anonymous_25)
FNDA:0,(anonymous_26)
FNDA:0,(anonymous_27)
FNDA:0,(anonymous_28)
FNDA:0,(anonymous_29)
FNDA:0,(anonymous_30)
FNDA:0,(anonymous_31)
FNDA:0,(anonymous_32)
DA:5,1
DA:6,0
DA:7,0
DA:8,0
DA:9,0
DA:11,0
DA:12,0
DA:15,0
DA:16,0
DA:17,0
DA:18,0
DA:19,0
DA:20,0
DA:22,0
DA:23,0
DA:25,0
DA:29,0
DA:30,0
DA:31,0
DA:32,0
DA:34,0
DA:35,0
DA:36,0
DA:37,0
DA:39,0
DA:40,0
DA:44,0
DA:45,0
DA:46,0
DA:47,0
DA:48,0
DA:50,0
DA:51,0
DA:56,0
DA:57,0
DA:60,0
DA:61,0
DA:64,0
DA:65,0
DA:69,0
DA:74,0
DA:78,0
DA:88,0
DA:92,0
DA:95,0
DA:107,1
DA:108,0
DA:109,0
DA:111,0
DA:112,0
DA:113,0
DA:114,0
DA:115,0
DA:116,0
DA:117,0
DA:118,0
DA:120,0
DA:121,0
DA:124,0
DA:127,0
DA:130,0
DA:131,0
DA:132,0
DA:135,0
DA:136,0
DA:137,0
DA:138,0
DA:139,0
DA:142,0
DA:143,0
DA:152,0
DA:153,0
DA:154,0
DA:155,0
DA:158,0
DA:159,0
DA:160,0
DA:163,0
DA:226,0
DA:238,0
DA:242,0
DA:250,0
DA:256,0
DA:260,0
DA:265,0
DA:269,0
LF:86
LH:2
BRDA:19,0,0,0
BRDA:19,0,1,0
BRDA:31,1,0,0
BRDA:31,1,1,0
BRDA:32,2,0,0
BRDA:32,2,1,0
BRDA:39,3,0,0
BRDA:39,3,1,0
BRDA:45,4,0,0
BRDA:45,4,1,0
BRDA:56,5,0,0
BRDA:56,5,1,0
BRDA:60,6,0,0
BRDA:60,6,1,0
BRDA:64,7,0,0
BRDA:64,7,1,0
BRDA:84,8,0,0
BRDA:84,8,1,0
BRDA:90,9,0,0
BRDA:90,9,1,0
BRDA:108,10,0,0
BRDA:108,10,1,0
BRDA:115,11,0,0
BRDA:115,11,1,0
BRDA:120,12,0,0
BRDA:120,12,1,0
BRDA:120,13,0,0
BRDA:120,13,1,0
BRDA:165,14,0,0
BRDA:165,14,1,0
BRDA:173,15,0,0
BRDA:173,15,1,0
BRDA:182,16,0,0
BRDA:182,16,1,0
BRDA:193,17,0,0
BRDA:193,17,1,0
BRDA:202,18,0,0
BRDA:202,18,1,0
BRDA:209,19,0,0
BRDA:209,19,1,0
BRDA:220,20,0,0
BRDA:220,20,1,0
BRDA:262,21,0,0
BRDA:262,21,1,0
BRF:44
BRH:0
end_of_record
TN:
SF:src\components\TaskCalendar.jsx
FN:9,(anonymous_0)
FN:16,(anonymous_1)
FN:20,(anonymous_2)
FN:23,(anonymous_3)
FN:35,(anonymous_4)
FN:44,(anonymous_5)
FN:52,(anonymous_6)
FN:58,(anonymous_7)
FN:71,(anonymous_8)
FN:86,(anonymous_9)
FN:157,(anonymous_10)
FN:167,(anonymous_11)
FN:171,(anonymous_12)
FN:172,(anonymous_13)
FN:176,(anonymous_14)
FN:177,(anonymous_15)
FN:181,(anonymous_16)
FN:190,(anonymous_17)
FN:192,(anonymous_18)
FN:198,(anonymous_19)
FN:261,(anonymous_20)
FNF:21
FNH:0
FNDA:0,(anonymous_0)
FNDA:0,(anonymous_1)
FNDA:0,(anonymous_2)
FNDA:0,(anonymous_3)
FNDA:0,(anonymous_4)
FNDA:0,(anonymous_5)
FNDA:0,(anonymous_6)
FNDA:0,(anonymous_7)
FNDA:0,(anonymous_8)
FNDA:0,(anonymous_9)
FNDA:0,(anonymous_10)
FNDA:0,(anonymous_11)
FNDA:0,(anonymous_12)
FNDA:0,(anonymous_13)
FNDA:0,(anonymous_14)
FNDA:0,(anonymous_15)
FNDA:0,(anonymous_16)
FNDA:0,(anonymous_17)
FNDA:0,(anonymous_18)
FNDA:0,(anonymous_19)
FNDA:0,(anonymous_20)
DA:7,1
DA:9,1
DA:10,0
DA:11,0
DA:12,0
DA:13,0
DA:14,0
DA:16,0
DA:17,0
DA:20,0
DA:22,0
DA:23,0
DA:31,0
DA:35,0
DA:36,0
DA:37,0
DA:38,0
DA:40,0
DA:44,0
DA:45,0
DA:46,0
DA:47,0
DA:48,0
DA:49,0
DA:52,0
DA:53,0
DA:54,0
DA:55,0
DA:58,0
DA:59,0
DA:67,0
DA:68,0
DA:71,0
DA:72,0
DA:73,0
DA:74,0
DA:76,0
DA:78,0
DA:79,0
DA:80,0
DA:82,0
DA:86,0
DA:87,0
DA:88,0
DA:90,0
DA:91,0
DA:92,0
DA:93,0
DA:95,0
DA:107,0
DA:158,0
DA:159,0
DA:167,1
DA:168,0
DA:169,0
DA:171,0
DA:172,0
DA:173,0
DA:174,0
DA:175,0
DA:176,0
DA:177,0
DA:178,0
DA:180,0
DA:181,0
DA:184,0
DA:187,0
DA:190,0
DA:191,0
DA:192,0
DA:198,0
DA:199,0
DA:200,0
DA:203,0
DA:262,0
LF:75
LH:3
BRDA:22,0,0,0
BRDA:22,0,1,0
BRDA:45,1,0,0
BRDA:45,1,1,0
BRDA:46,2,0,0
BRDA:46,2,1,0
BRDA:47,3,0,0
BRDA:47,3,1,0
BRDA:48,4,0,0
BRDA:48,4,1,0
BRDA:73,5,0,0
BRDA:73,5,1,0
BRDA:90,6,0,0
BRDA:90,6,1,0
BRDA:91,7,0,0
BRDA:91,7,1,0
BRDA:92,8,0,0
BRDA:92,8,1,0
BRDA:93,9,0,0
BRDA:93,9,1,0
BRDA:152,10,0,0
BRDA:152,10,1,0
BRDA:175,11,0,0
BRDA:175,11,1,0
BRDA:180,12,0,0
BRDA:180,12,1,0
BRDA:180,13,0,0
BRDA:180,13,1,0
BRDA:207,14,0,0
BRDA:207,14,1,0
BRDA:227,15,0,0
BRDA:227,15,1,0
BRDA:285,16,0,0
BRDA:285,16,1,0
BRF:34
BRH:0
end_of_record
TN:
SF:src\components\TaskDashboard.jsx
FN:9,(anonymous_0)
FN:23,(anonymous_1)
FN:27,(anonymous_2)
FN:42,(anonymous_3)
FN:43,(anonymous_4)
FN:44,(anonymous_5)
FN:53,(anonymous_6)
FN:64,(anonymous_7)
FN:79,(anonymous_8)
FN:94,(anonymous_9)
FN:116,(anonymous_10)
FN:173,(anonymous_11)
FN:179,(anonymous_12)
FN:185,(anonymous_13)
FN:213,(anonymous_14)
FNF:15
FNH:0
FNDA:0,(anonymous_0)
FNDA:0,(anonymous_1)
FNDA:0,(anonymous_2)
FNDA:0,(anonymous_3)
FNDA:0,(anonymous_4)
FNDA:0,(anonymous_5)
FNDA:0,(anonymous_6)
FNDA:0,(anonymous_7)
FNDA:0,(anonymous_8)
FNDA:0,(anonymous_9)
FNDA:0,(anonymous_10)
FNDA:0,(anonymous_11)
FNDA:0,(anonymous_12)
FNDA:0,(anonymous_13)
FNDA:0,(anonymous_14)
DA:9,1
DA:10,0
DA:11,0
DA:12,0
DA:20,0
DA:21,0
DA:23,0
DA:24,0
DA:27,0
DA:28,0
DA:29,0
DA:30,0
DA:36,0
DA:37,0
DA:38,0
DA:40,0
DA:42,0
DA:43,0
DA:44,0
DA:49,0
DA:52,0
DA:53,0
DA:55,0
DA:58,0
DA:60,0
DA:64,0
DA:65,0
DA:67,0
DA:69,0
DA:71,0
DA:73,0
DA:75,0
DA:79,0
DA:80,0
DA:82,0
DA:84,0
DA:86,0
DA:88,0
DA:90,0
DA:94,0
DA:95,0
DA:106,0
DA:107,0
DA:110,0
DA:116,0
DA:173,0
DA:179,0
DA:185,0
DA:214,0
LF:49
LH:1
BRDA:36,0,0,0
BRDA:36,0,1,0
BRDA:36,1,0,0
BRDA:36,1,1,0
BRDA:37,2,0,0
BRDA:37,2,1,0
BRDA:37,3,0,0
BRDA:37,3,1,0
BRDA:38,4,0,0
BRDA:38,4,1,0
BRDA:38,5,0,0
BRDA:38,5,1,0
BRDA:53,6,0,0
BRDA:53,6,1,0
BRDA:53,7,0,0
BRDA:53,7,1,0
BRDA:65,8,0,0
BRDA:65,8,1,0
BRDA:65,8,2,0
BRDA:65,8,3,0
BRDA:65,8,4,0
BRDA:80,9,0,0
BRDA:80,9,1,0
BRDA:80,9,2,0
BRDA:80,9,3,0
BRDA:80,9,4,0
BRDA:106,10,0,0
BRDA:106,10,1,0
BRDA:121,11,0,0
BRDA:121,11,1,0
BRDA:121,11,2,0
BRDA:172,12,0,0
BRDA:172,12,1,0
BRDA:178,13,0,0
BRDA:178,13,1,0
BRDA:184,14,0,0
BRDA:184,14,1,0
BRDA:193,15,0,0
BRDA:193,15,1,0
BRDA:199,16,0,0
BRDA:199,16,1,0
BRDA:207,17,0,0
BRDA:207,17,1,0
BRDA:228,18,0,0
BRDA:228,18,1,0
BRDA:234,19,0,0
BRDA:234,19,1,0
BRDA:238,20,0,0
BRDA:238,20,1,0
BRDA:239,21,0,0
BRDA:239,21,1,0
BRDA:240,22,0,0
BRDA:240,22,1,0
BRDA:242,23,0,0
BRDA:242,23,1,0
BRDA:245,24,0,0
BRDA:245,24,1,0
BRDA:260,25,0,0
BRDA:260,25,1,0
BRF:59
BRH:0
end_of_record
TN:
SF:src\components\TaskForm.jsx
FN:7,(anonymous_0)
FN:27,(anonymous_1)
FN:28,(anonymous_2)
FN:40,(anonymous_3)
FN:44,(anonymous_4)
FN:67,(anonymous_5)
FN:94,(anonymous_6)
FN:135,(anonymous_7)
FN:140,(anonymous_8)
FN:145,(anonymous_9)
FN:147,(anonymous_10)
FN:155,(anonymous_11)
FN:165,(anonymous_12)
FN:167,(anonymous_13)
FN:176,(anonymous_14)
FNF:15
FNH:0
FNDA:0,(anonymous_0)
FNDA:0,(anonymous_1)
FNDA:0,(anonymous_2)
FNDA:0,(anonymous_3)
FNDA:0,(anonymous_4)
FNDA:0,(anonymous_5)
FNDA:0,(anonymous_6)
FNDA:0,(anonymous_7)
FNDA:0,(anonymous_8)
FNDA:0,(anonymous_9)
FNDA:0,(anonymous_10)
FNDA:0,(anonymous_11)
FNDA:0,(anonymous_12)
FNDA:0,(anonymous_13)
FNDA:0,(anonymous_14)
DA:7,1
DA:8,0
DA:9,0
DA:10,0
DA:12,0
DA:14,0
DA:15,0
DA:16,0
DA:17,0
DA:18,0
DA:19,0
DA:20,0
DA:21,0
DA:22,0
DA:23,0
DA:24,0
DA:25,0
DA:27,0
DA:28,0
DA:29,0
DA:30,0
DA:31,0
DA:32,0
DA:37,0
DA:38,0
DA:40,0
DA:41,0
DA:44,0
DA:45,0
DA:47,0
DA:48,0
DA:51,0
DA:52,0
DA:53,0
DA:57,0
DA:58,0
DA:60,0
DA:64,0
DA:67,0
DA:68,0
DA:69,0
DA:70,0
DA:72,0
DA:73,0
DA:74,0
DA:77,0
DA:88,0
DA:89,0
DA:90,0
DA:91,0
DA:92,0
DA:93,0
DA:94,0
DA:96,0
DA:97,0
DA:98,0
DA:102,0
DA:103,0
DA:106,0
DA:135,0
DA:140,0
DA:145,0
DA:148,0
DA:155,0
DA:165,0
DA:168,0
DA:176,0
LF:67
LH:1
BRDA:12,0,0,0
BRDA:12,0,1,0
BRDA:37,1,0,0
BRDA:37,1,1,0
BRDA:40,2,0,0
BRDA:40,2,1,0
BRDA:40,3,0,0
BRDA:40,3,1,0
BRDA:44,4,0,0
BRDA:44,4,1,0
BRDA:47,5,0,0
BRDA:47,5,1,0
BRDA:51,6,0,0
BRDA:51,6,1,0
BRDA:51,7,0,0
BRDA:51,7,1,0
BRDA:72,8,0,0
BRDA:72,8,1,0
BRDA:72,9,0,0
BRDA:72,9,1,0
BRDA:72,9,2,0
BRDA:72,9,3,0
BRDA:84,10,0,0
BRDA:84,10,1,0
BRDA:85,11,0,0
BRDA:85,11,1,0
BRDA:97,12,0,0
BRDA:97,12,1,0
BRDA:102,13,0,0
BRDA:102,13,1,0
BRDA:110,14,0,0
BRDA:110,14,1,0
BRDA:113,15,0,0
BRDA:113,15,1,0
BRDA:113,16,0,0
BRDA:113,16,1,0
BRDA:119,17,0,0
BRDA:119,17,1,0
BRDA:120,18,0,0
BRDA:120,18,1,0
BRDA:121,19,0,0
BRDA:121,19,1,0
BRDA:128,20,0,0
BRDA:128,20,1,0
BRDA:129,21,0,0
BRDA:129,21,1,0
BRF:46
BRH:0
end_of_record
TN:
SF:src\components\TaskTypeSettings.jsx
FN:5,(anonymous_0)
FN:12,(anonymous_1)
FN:16,(anonymous_2)
FN:30,(anonymous_3)
FN:44,(anonymous_4)
FN:55,(anonymous_5)
FN:67,(anonymous_6)
FN:89,(anonymous_7)
FN:97,(anonymous_8)
FN:103,(anonymous_9)
FN:104,(anonymous_10)
FN:105,(anonymous_11)
FN:109,(anonymous_12)
FN:112,(anonymous_13)
FN:115,(anonymous_14)
FN:116,(anonymous_15)
FNF:16
FNH:0
FNDA:0,(anonymous_0)
FNDA:0,(anonymous_1)
FNDA:0,(anonymous_2)
FNDA:0,(anonymous_3)
FNDA:0,(anonymous_4)
FNDA:0,(anonymous_5)
FNDA:0,(anonymous_6)
FNDA:0,(anonymous_7)
FNDA:0,(anonymous_8)
FNDA:0,(anonymous_9)
FNDA:0,(anonymous_10)
FNDA:0,(anonymous_11)
FNDA:0,(anonymous_12)
FNDA:0,(anonymous_13)
FNDA:0,(anonymous_14)
FNDA:0,(anonymous_15)
DA:5,1
DA:6,0
DA:7,0
DA:8,0
DA:9,0
DA:10,0
DA:12,0
DA:13,0
DA:16,0
DA:17,0
DA:18,0
DA:19,0
DA:20,0
DA:21,0
DA:23,0
DA:24,0
DA:26,0
DA:30,0
DA:31,0
DA:32,0
DA:34,0
DA:35,0
DA:36,0
DA:37,0
DA:39,0
DA:40,0
DA:44,0
DA:45,0
DA:46,0
DA:47,0
DA:48,0
DA:50,0
DA:51,0
DA:55,0
DA:56,0
DA:57,0
DA:58,0
DA:59,0
DA:61,0
DA:62,0
DA:67,0
DA:68,0
DA:69,0
DA:72,0
DA:73,0
DA:76,0
DA:77,0
DA:80,0
DA:89,0
DA:98,0
DA:103,0
DA:104,0
DA:105,0
DA:109,0
DA:112,0
DA:115,0
DA:116,0
LF:57
LH:1
BRDA:20,0,0,0
BRDA:20,0,1,0
BRDA:32,1,0,0
BRDA:32,1,1,0
BRDA:39,2,0,0
BRDA:39,2,1,0
BRDA:56,3,0,0
BRDA:56,3,1,0
BRDA:72,4,0,0
BRDA:72,4,1,0
BRDA:76,5,0,0
BRDA:76,5,1,0
BRDA:98,6,0,0
BRDA:98,6,1,0
BRDA:99,7,0,0
BRDA:99,7,1,0
BRDA:105,8,0,0
BRDA:105,8,1,0
BRDA:112,9,0,0
BRDA:112,9,1,0
BRDA:113,10,0,0
BRDA:113,10,1,0
BRF:22
BRH:0
end_of_record
TN:
SF:src\components\TaxReport.jsx
FN:4,(anonymous_0)
FN:10,(anonymous_1)
FN:14,(anonymous_2)
FN:27,(anonymous_3)
FN:34,(anonymous_4)
FN:55,(anonymous_5)
FN:57,(anonymous_6)
FN:78,(anonymous_7)
FN:127,(anonymous_8)
FN:129,(anonymous_9)
FN:177,(anonymous_10)
FN:180,(anonymous_11)
FN:186,(anonymous_12)
FNF:13
FNH:0
FNDA:0,(anonymous_0)
FNDA:0,(anonymous_1)
FNDA:0,(anonymous_2)
FNDA:0,(anonymous_3)
FNDA:0,(anonymous_4)
FNDA:0,(anonymous_5)
FNDA:0,(anonymous_6)
FNDA:0,(anonymous_7)
FNDA:0,(anonymous_8)
FNDA:0,(anonymous_9)
FNDA:0,(anonymous_10)
FNDA:0,(anonymous_11)
FNDA:0,(anonymous_12)
DA:4,1
DA:5,0
DA:6,0
DA:7,0
DA:8,0
DA:10,0
DA:11,0
DA:14,0
DA:15,0
DA:16,0
DA:17,0
DA:18,0
DA:20,0
DA:21,0
DA:23,0
DA:27,0
DA:28,0
DA:34,0
DA:35,0
DA:36,0
DA:37,0
DA:38,0
DA:40,0
DA:43,0
DA:44,0
DA:46,0
DA:55,0
DA:58,0
DA:79,0
DA:128,0
DA:129,0
DA:177,0
DA:182,0
DA:188,0
LF:34
LH:1
BRDA:43,0,0,0
BRDA:43,0,1,0
BRDA:44,1,0,0
BRDA:44,1,1,0
BRDA:63,2,0,0
BRDA:63,2,1,0
BRDA:81,3,0,0
BRDA:81,3,1,0
BRDA:84,4,0,0
BRDA:84,4,1,0
BRDA:161,5,0,0
BRDA:161,5,1,0
BRF:12
BRH:0
end_of_record
TN:
SF:src\components\TechnicianForm.jsx
FN:6,(anonymous_0)
FN:22,(anonymous_1)
FN:23,(anonymous_2)
FN:31,(anonymous_3)
FN:32,(anonymous_4)
FN:38,(anonymous_5)
FN:40,(anonymous_6)
FN:46,(anonymous_7)
FNF:8
FNH:0
FNDA:0,(anonymous_0)
FNDA:0,(anonymous_1)
FNDA:0,(anonymous_2)
FNDA:0,(anonymous_3)
FNDA:0,(anonymous_4)
FNDA:0,(anonymous_5)
FNDA:0,(anonymous_6)
FNDA:0,(anonymous_7)
DA:6,1
DA:7,0
DA:8,0
DA:10,0
DA:21,0
DA:22,0
DA:24,0
DA:25,0
DA:30,0
DA:31,0
DA:33,0
DA:34,0
DA:38,0
DA:39,0
DA:40,0
DA:41,0
DA:46,0
DA:47,0
DA:48,0
DA:50,0
DA:54,0
DA:55,0
DA:57,0
LF:23
LH:1
BRDA:11,0,0,0
BRDA:11,0,1,0
BRDA:39,1,0,0
BRDA:39,1,1,0
BRDA:47,2,0,0
BRDA:47,2,1,0
BRDA:54,3,0,0
BRDA:54,3,1,0
BRDA:55,4,0,0
BRDA:55,4,1,0
BRDA:62,5,0,0
BRDA:62,5,1,0
BRDA:65,6,0,0
BRDA:65,6,1,0
BRDA:81,7,0,0
BRDA:81,7,1,0
BRDA:95,8,0,0
BRDA:95,8,1,0
BRDA:107,9,0,0
BRDA:107,9,1,0
BRDA:117,10,0,0
BRDA:117,10,1,0
BRDA:159,11,0,0
BRDA:159,11,1,0
BRDA:159,12,0,0
BRDA:159,12,1,0
BRF:26
BRH:0
end_of_record
TN:
SF:src\components\TechnicianManagement.jsx
FN:6,(anonymous_0)
FN:17,(anonymous_1)
FN:17,(anonymous_2)
FN:22,(anonymous_3)
FN:23,(anonymous_4)
FN:28,(anonymous_5)
FN:36,(anonymous_6)
FN:41,(anonymous_7)
FN:46,(anonymous_8)
FN:51,(anonymous_9)
FN:94,(anonymous_10)
FN:129,(anonymous_11)
FN:135,(anonymous_12)
FNF:13
FNH:0
FNDA:0,(anonymous_0)
FNDA:0,(anonymous_1)
FNDA:0,(anonymous_2)
FNDA:0,(anonymous_3)
FNDA:0,(anonymous_4)
FNDA:0,(anonymous_5)
FNDA:0,(anonymous_6)
FNDA:0,(anonymous_7)
FNDA:0,(anonymous_8)
FNDA:0,(anonymous_9)
FNDA:0,(anonymous_10)
FNDA:0,(anonymous_11)
FNDA:0,(anonymous_12)
DA:6,1
DA:7,0
DA:8,0
DA:9,0
DA:10,0
DA:11,0
DA:12,0
DA:15,0
DA:17,0
DA:21,0
DA:22,0
DA:24,0
DA:28,0
DA:29,0
DA:30,0
DA:31,0
DA:33,0
DA:36,0
DA:37,0
DA:38,0
DA:41,0
DA:42,0
DA:43,0
DA:46,0
DA:47,0
DA:48,0
DA:51,0
DA:52,0
DA:53,0
DA:57,0
DA:58,0
DA:60,0
DA:95,0
DA:129,0
DA:135,0
LF:35
LH:1
BRDA:29,0,0,0
BRDA:29,0,1,0
BRDA:33,1,0,0
BRDA:33,1,1,0
BRDA:52,2,0,0
BRDA:52,2,1,0
BRDA:57,3,0,0
BRDA:57,3,1,0
BRDA:58,4,0,0
BRDA:58,4,1,0
BRDA:101,5,0,0
BRDA:101,5,1,0
BRDA:120,6,0,0
BRDA:120,6,1,0
BRDA:124,7,0,0
BRDA:124,7,1,0
BRDA:147,8,0,0
BRDA:147,8,1,0
BRF:18
BRH:0
end_of_record
TN:
SF:src\components\TimeTracking.jsx
FN:5,(anonymous_0)
FN:20,(anonymous_1)
FN:24,(anonymous_2)
FN:41,(anonymous_3)
FN:63,(anonymous_4)
FN:75,(anonymous_5)
FN:87,(anonymous_6)
FN:99,(anonymous_7)
FN:100,(anonymous_8)
FN:103,(anonymous_9)
FN:105,(anonymous_10)
FN:106,(anonymous_11)
FN:118,(anonymous_12)
FN:153,(anonymous_13)
FN:157,(anonymous_14)
FN:170,(anonymous_15)
FN:183,(anonymous_16)
FN:193,(anonymous_17)
FN:204,(anonymous_18)
FN:241,(anonymous_19)
FN:255,(anonymous_20)
FN:261,(anonymous_21)
FNF:22
FNH:0
FNDA:0,(anonymous_0)
FNDA:0,(anonymous_1)
FNDA:0,(anonymous_2)
FNDA:0,(anonymous_3)
FNDA:0,(anonymous_4)
FNDA:0,(anonymous_5)
FNDA:0,(anonymous_6)
FNDA:0,(anonymous_7)
FNDA:0,(anonymous_8)
FNDA:0,(anonymous_9)
FNDA:0,(anonymous_10)
FNDA:0,(anonymous_11)
FNDA:0,(anonymous_12)
FNDA:0,(anonymous_13)
FNDA:0,(anonymous_14)
FNDA:0,(anonymous_15)
FNDA:0,(anonymous_16)
FNDA:0,(anonymous_17)
FNDA:0,(anonymous_18)
FNDA:0,(anonymous_19)
FNDA:0,(anonymous_20)
FNDA:0,(anonymous_21)
DA:5,1
DA:6,0
DA:7,0
DA:8,0
DA:9,0
DA:10,0
DA:11,0
DA:12,0
DA:20,0
DA:21,0
DA:24,0
DA:25,0
DA:26,0
DA:27,0
DA:31,0
DA:32,0
DA:34,0
DA:35,0
DA:37,0
DA:41,0
DA:42,0
DA:43,0
DA:44,0
DA:49,0
DA:50,0
DA:52,0
DA:55,0
DA:56,0
DA:58,0
DA:59,0
DA:63,0
DA:64,0
DA:65,0
DA:72,0
DA:75,0
DA:76,0
DA:77,0
DA:78,0
DA:79,0
DA:81,0
DA:82,0
DA:87,0
DA:88,0
DA:95,0
DA:96,0
DA:99,0
DA:100,0
DA:103,0
DA:104,0
DA:105,0
DA:106,0
DA:109,0
DA:110,0
DA:112,0
DA:118,0
DA:153,0
DA:158,0
DA:170,0
DA:183,0
DA:193,0
DA:204,0
DA:242,0
DA:255,0
DA:261,0
LF:64
LH:1
BRDA:49,0,0,0
BRDA:49,0,1,0
BRDA:76,1,0,0
BRDA:76,1,1,0
BRDA:109,2,0,0
BRDA:109,2,1,0
BRDA:110,3,0,0
BRDA:110,3,1,0
BRDA:120,4,0,0
BRDA:120,4,1,0
BRDA:137,5,0,0
BRDA:137,5,1,0
BRDA:145,6,0,0
BRDA:145,6,1,0
BRDA:147,7,0,0
BRDA:147,7,1,0
BRDA:212,8,0,0
BRDA:212,8,1,0
BRDA:225,9,0,0
BRDA:225,9,1,0
BRDA:244,10,0,0
BRDA:244,10,1,0
BRDA:248,11,0,0
BRDA:248,11,1,0
BRDA:249,12,0,0
BRDA:249,12,1,0
BRF:26
BRH:0
end_of_record
TN:
SF:src\components\UserRoleManagement.jsx
FN:4,(anonymous_0)
FN:10,(anonymous_1)
FN:14,(anonymous_2)
FN:17,(anonymous_3)
FN:24,(anonymous_4)
FN:30,(anonymous_5)
FN:35,(anonymous_6)
FN:41,(anonymous_7)
FN:44,(anonymous_8)
FN:49,(anonymous_9)
FN:55,(anonymous_10)
FN:58,(anonymous_11)
FN:82,(anonymous_12)
FN:90,(anonymous_13)
FN:94,(anonymous_14)
FN:101,(anonymous_15)
FNF:16
FNH:0
FNDA:0,(anonymous_0)
FNDA:0,(anonymous_1)
FNDA:0,(anonymous_2)
FNDA:0,(anonymous_3)
FNDA:0,(anonymous_4)
FNDA:0,(anonymous_5)
FNDA:0,(anonymous_6)
FNDA:0,(anonymous_7)
FNDA:0,(anonymous_8)
FNDA:0,(anonymous_9)
FNDA:0,(anonymous_10)
FNDA:0,(anonymous_11)
FNDA:0,(anonymous_12)
FNDA:0,(anonymous_13)
FNDA:0,(anonymous_14)
FNDA:0,(anonymous_15)
DA:4,1
DA:5,0
DA:6,0
DA:7,0
DA:8,0
DA:10,0
DA:11,0
DA:14,0
DA:15,0
DA:16,0
DA:18,0
DA:19,0
DA:20,0
DA:21,0
DA:22,0
DA:25,0
DA:26,0
DA:27,0
DA:28,0
DA:31,0
DA:35,0
DA:36,0
DA:42,0
DA:45,0
DA:49,0
DA:50,0
DA:56,0
DA:59,0
DA:63,0
DA:64,0
DA:66,0
DA:83,0
DA:91,0
DA:94,0
DA:101,0
LF:35
LH:1
BRDA:18,0,0,0
BRDA:18,0,1,0
BRDA:19,1,0,0
BRDA:19,1,1,0
BRDA:63,2,0,0
BRDA:63,2,1,0
BRDA:64,3,0,0
BRDA:64,3,1,0
BRDA:69,4,0,0
BRDA:69,4,1,0
BRDA:87,5,0,0
BRDA:87,5,1,0
BRDA:92,6,0,0
BRDA:92,6,1,0
BRF:14
BRH:0
end_of_record
TN:
SF:src\components\Warehouse.jsx
FN:14,(anonymous_0)
FN:41,(anonymous_1)
FN:45,(anonymous_2)
FN:62,(anonymous_3)
FN:78,(anonymous_4)
FN:101,(anonymous_5)
FN:111,(anonymous_6)
FN:125,(anonymous_7)
FN:137,(anonymous_8)
FN:149,(anonymous_9)
FN:159,(anonymous_10)
FN:173,(anonymous_11)
FN:174,(anonymous_12)
FN:177,(anonymous_13)
FN:178,(anonymous_14)
FN:214,(anonymous_15)
FN:220,(anonymous_16)
FN:233,(anonymous_17)
FN:250,(anonymous_18)
FN:259,(anonymous_19)
FN:269,(anonymous_20)
FN:280,(anonymous_21)
FN:290,(anonymous_22)
FN:301,(anonymous_23)
FN:311,(anonymous_24)
FN:315,(anonymous_25)
FN:356,(anonymous_26)
FN:373,(anonymous_27)
FN:379,(anonymous_28)
FN:401,(anonymous_29)
FN:418,(anonymous_30)
FN:427,(anonymous_31)
FN:437,(anonymous_32)
FN:471,(anonymous_33)
FN:472,(anonymous_34)
FN:474,(anonymous_35)
FN:475,(anonymous_36)
FN:487,(anonymous_37)
FN:493,(anonymous_38)
FNF:39
FNH:0
FNDA:0,(anonymous_0)
FNDA:0,(anonymous_1)
FNDA:0,(anonymous_2)
FNDA:0,(anonymous_3)
FNDA:0,(anonymous_4)
FNDA:0,(anonymous_5)
FNDA:0,(anonymous_6)
FNDA:0,(anonymous_7)
FNDA:0,(anonymous_8)
FNDA:0,(anonymous_9)
FNDA:0,(anonymous_10)
FNDA:0,(anonymous_11)
FNDA:0,(anonymous_12)
FNDA:0,(anonymous_13)
FNDA:0,(anonymous_14)
FNDA:0,(anonymous_15)
FNDA:0,(anonymous_16)
FNDA:0,(anonymous_17)
FNDA:0,(anonymous_18)
FNDA:0,(anonymous_19)
FNDA:0,(anonymous_20)
FNDA:0,(anonymous_21)
FNDA:0,(anonymous_22)
FNDA:0,(anonymous_23)
FNDA:0,(anonymous_24)
FNDA:0,(anonymous_25)
FNDA:0,(anonymous_26)
FNDA:0,(anonymous_27)
FNDA:0,(anonymous_28)
FNDA:0,(anonymous_29)
FNDA:0,(anonymous_30)
FNDA:0,(anonymous_31)
FNDA:0,(anonymous_32)
FNDA:0,(anonymous_33)
FNDA:0,(anonymous_34)
FNDA:0,(anonymous_35)
FNDA:0,(anonymous_36)
FNDA:0,(anonymous_37)
FNDA:0,(anonymous_38)
DA:14,1
DA:15,0
DA:16,0
DA:17,0
DA:18,0
DA:19,0
DA:20,0
DA:21,0
DA:22,0
DA:23,0
DA:25,0
DA:31,0
DA:41,0
DA:42,0
DA:45,0
DA:46,0
DA:47,0
DA:48,0
DA:52,0
DA:53,0
DA:55,0
DA:56,0
DA:58,0
DA:62,0
DA:63,0
DA:64,0
DA:65,0
DA:66,0
DA:68,0
DA:70,0
DA:71,0
DA:73,0
DA:74,0
DA:78,0
DA:79,0
DA:80,0
DA:81,0
DA:88,0
DA:89,0
DA:91,0
DA:93,0
DA:94,0
DA:96,0
DA:97,0
DA:101,0
DA:102,0
DA:103,0
DA:108,0
DA:111,0
DA:112,0
DA:113,0
DA:122,0
DA:125,0
DA:126,0
DA:127,0
DA:128,0
DA:129,0
DA:131,0
DA:132,0
DA:137,0
DA:138,0
DA:139,0
DA:140,0
DA:141,0
DA:143,0
DA:144,0
DA:149,0
DA:150,0
DA:155,0
DA:156,0
DA:159,0
DA:160,0
DA:169,0
DA:170,0
DA:173,0
DA:174,0
DA:177,0
DA:178,0
DA:181,0
DA:182,0
DA:184,0
DA:214,0
DA:220,0
DA:233,0
DA:250,0
DA:259,0
DA:269,0
DA:280,0
DA:290,0
DA:301,0
DA:311,0
DA:316,0
DA:357,0
DA:373,0
DA:379,0
DA:401,0
DA:418,0
DA:427,0
DA:437,0
DA:472,0
DA:473,0
DA:474,0
DA:475,0
DA:477,0
DA:487,0
DA:493,0
LF:106
LH:1
BRDA:65,0,0,0
BRDA:65,0,1,0
BRDA:88,1,0,0
BRDA:88,1,1,0
BRDA:126,2,0,0
BRDA:126,2,1,0
BRDA:138,3,0,0
BRDA:138,3,1,0
BRDA:181,4,0,0
BRDA:181,4,1,0
BRDA:182,5,0,0
BRDA:182,5,1,0
BRDA:213,6,0,0
BRDA:213,6,1,0
BRDA:219,7,0,0
BRDA:219,7,1,0
BRDA:227,8,0,0
BRDA:227,8,1,0
BRDA:235,9,0,0
BRDA:235,9,1,0
BRDA:240,10,0,0
BRDA:240,10,1,0
BRDA:242,11,0,0
BRDA:242,11,1,0
BRDA:325,12,0,0
BRDA:325,12,1,0
BRDA:337,13,0,0
BRDA:337,13,1,0
BRDA:366,14,0,0
BRDA:366,14,1,0
BRDA:367,15,0,0
BRDA:367,15,1,0
BRDA:395,16,0,0
BRDA:395,16,1,0
BRDA:403,17,0,0
BRDA:403,17,1,0
BRDA:408,18,0,0
BRDA:408,18,1,0
BRDA:410,19,0,0
BRDA:410,19,1,0
BRDA:443,20,0,0
BRDA:443,20,1,0
BRDA:455,21,0,0
BRDA:455,21,1,0
BRF:44
BRH:0
end_of_record
TN:
SF:src\components\WorkOrderForm.jsx
FN:4,(anonymous_0)
FN:9,(anonymous_1)
FN:13,(anonymous_2)
FNF:3
FNH:0
FNDA:0,(anonymous_0)
FNDA:0,(anonymous_1)
FNDA:0,(anonymous_2)
DA:4,1
DA:5,0
DA:6,0
DA:7,0
DA:9,0
DA:10,0
DA:13,0
DA:14,0
DA:15,0
DA:16,0
DA:17,0
DA:18,0
DA:19,0
DA:20,0
DA:22,0
DA:24,0
DA:27,0
LF:17
LH:1
BRDA:20,0,0,0
BRDA:20,0,1,0
BRDA:37,1,0,0
BRDA:37,1,1,0
BRF:4
BRH:0
end_of_record
TN:
SF:src\components\WorkOrderList.jsx
FN:5,(anonymous_0)
FN:11,(anonymous_1)
FN:12,(anonymous_2)
FN:18,(anonymous_3)
FN:34,(anonymous_4)
FN:46,(anonymous_5)
FN:50,(anonymous_6)
FN:57,(anonymous_7)
FN:62,(anonymous_8)
FN:98,(anonymous_9)
FN:132,(anonymous_10)
FNF:11
FNH:0
FNDA:0,(anonymous_0)
FNDA:0,(anonymous_1)
FNDA:0,(anonymous_2)
FNDA:0,(anonymous_3)
FNDA:0,(anonymous_4)
FNDA:0,(anonymous_5)
FNDA:0,(anonymous_6)
FNDA:0,(anonymous_7)
FNDA:0,(anonymous_8)
FNDA:0,(anonymous_9)
FNDA:0,(anonymous_10)
DA:5,1
DA:6,0
DA:7,0
DA:8,0
DA:9,0
DA:11,0
DA:12,0
DA:13,0
DA:14,0
DA:18,0
DA:19,0
DA:20,0
DA:22,0
DA:23,0
DA:31,0
DA:32,0
DA:34,0
DA:35,0
DA:41,0
DA:42,0
DA:44,0
DA:46,0
DA:50,0
DA:52,0
DA:53,0
DA:54,0
DA:57,0
DA:59,0
DA:62,0
DA:63,0
DA:71,0
DA:74,0
DA:76,0
DA:99,0
DA:132,0
LF:35
LH:1
BRDA:13,0,0,0
BRDA:13,0,1,0
BRDA:27,1,0,0
BRDA:27,1,1,0
BRDA:31,2,0,0
BRDA:31,2,1,0
BRDA:35,3,0,0
BRDA:35,3,1,0
BRDA:59,4,0,0
BRDA:59,4,1,0
BRDA:71,5,0,0
BRDA:71,5,1,0
BRDA:74,6,0,0
BRDA:74,6,1,0
BRDA:78,7,0,0
BRDA:78,7,1,0
BRDA:79,8,0,0
BRDA:79,8,1,0
BRDA:101,9,0,0
BRDA:101,9,1,0
BRDA:103,10,0,0
BRDA:103,10,1,0
BRDA:105,11,0,0
BRDA:105,11,1,0
BRDA:129,12,0,0
BRDA:129,12,1,0
BRDA:142,13,0,0
BRDA:142,13,1,0
BRDA:143,14,0,0
BRDA:143,14,1,0
BRDA:147,15,0,0
BRDA:147,15,1,0
BRF:32
BRH:0
end_of_record
TN:
SF:src\components\WorkOrders.jsx
FN:3,(anonymous_0)
FNF:1
FNH:0
FNDA:0,(anonymous_0)
DA:3,1
DA:4,0
LF:2
LH:1
BRF:0
BRH:0
end_of_record
TN:
SF:src\components\charts\DealsByStageChart.jsx
FN:8,(anonymous_0)
FN:16,(anonymous_1)
FN:20,(anonymous_2)
FN:31,(anonymous_3)
FNF:4
FNH:0
FNDA:0,(anonymous_0)
FNDA:0,(anonymous_1)
FNDA:0,(anonymous_2)
FNDA:0,(anonymous_3)
DA:6,1
DA:8,1
DA:9,0
DA:11,0
DA:12,0
DA:15,0
DA:16,0
DA:20,0
DA:28,0
DA:32,0
DA:33,0
DA:35,0
DA:36,0
DA:37,0
DA:61,0
LF:15
LH:2
BRDA:11,0,0,0
BRDA:11,0,1,0
BRDA:11,1,0,0
BRDA:11,1,1,0
BRDA:32,2,0,0
BRDA:32,2,1,0
BRDA:36,3,0,0
BRDA:36,3,1,0
BRF:8
BRH:0
end_of_record
TN:
SF:src\components\charts\SalesPerformanceChart.jsx
FN:8,(anonymous_0)
FN:30,(anonymous_1)
FN:41,(anonymous_2)
FNF:3
FNH:0
FNDA:0,(anonymous_0)
FNDA:0,(anonymous_1)
FNDA:0,(anonymous_2)
DA:6,1
DA:8,1
DA:9,0
DA:10,0
DA:13,0
DA:14,0
DA:17,0
DA:27,0
DA:31,0
DA:32,0
DA:33,0
DA:35,0
DA:36,0
DA:43,0
DA:44,0
DA:45,0
DA:46,0
DA:47,0
DA:49,0
DA:50,0
DA:57,0
LF:21
LH:2
BRDA:13,0,0,0
BRDA:13,0,1,0
BRDA:31,1,0,0
BRDA:31,1,1,0
BRDA:35,2,0,0
BRDA:35,2,1,0
BRDA:45,3,0,0
BRDA:45,3,1,0
BRF:8
BRH:0
end_of_record
TN:
SF:src\contexts\AuthContext.jsx
FN:6,(anonymous_0)
FN:10,(anonymous_1)
FN:16,(anonymous_2)
FN:26,(anonymous_3)
FN:37,(anonymous_4)
FN:57,(anonymous_5)
FNF:6
FNH:0
FNDA:0,(anonymous_0)
FNDA:0,(anonymous_1)
FNDA:0,(anonymous_2)
FNDA:0,(anonymous_3)
FNDA:0,(anonymous_4)
FNDA:0,(anonymous_5)
DA:4,0
DA:6,0
DA:7,0
DA:8,0
DA:10,0
DA:11,0
DA:12,0
DA:14,0
DA:15,0
DA:17,0
DA:18,0
DA:20,0
DA:21,0
DA:22,0
DA:24,0
DA:27,0
DA:28,0
DA:29,0
DA:30,0
DA:33,0
DA:37,0
DA:38,0
DA:39,0
DA:40,0
DA:42,0
DA:43,0
DA:44,0
DA:45,0
DA:47,0
DA:50,0
DA:51,0
DA:52,0
DA:53,0
DA:57,0
DA:58,0
DA:61,0
DA:62,0
DA:63,0
DA:67,0
LF:39
LH:0
BRDA:12,0,0,0
BRDA:12,0,1,0
BRDA:17,1,0,0
BRDA:17,1,1,0
BRDA:17,2,0,0
BRDA:17,2,1,0
BRDA:42,3,0,0
BRDA:42,3,1,0
BRDA:42,4,0,0
BRDA:42,4,1,0
BRF:10
BRH:0
end_of_record
TN:
SF:src\hooks\useAuth.js
FN:4,(anonymous_0)
FNF:1
FNH:0
FNDA:0,(anonymous_0)
DA:4,0
DA:5,0
LF:2
LH:0
BRF:0
BRH:0
end_of_record
